{"/code/mnemonica/tactica/src/analyzer.ts":{"path":"/code/mnemonica/tactica/src/analyzer.ts","statementMap":{"0":{"start":{"line":2,"column":22},"end":{"line":12,"column":3}},"1":{"start":{"line":3,"column":4},"end":{"line":3,"column":33}},"2":{"start":{"line":3,"column":26},"end":{"line":3,"column":33}},"3":{"start":{"line":4,"column":15},"end":{"line":4,"column":52}},"4":{"start":{"line":5,"column":4},"end":{"line":7,"column":5}},"5":{"start":{"line":6,"column":6},"end":{"line":6,"column":68}},"6":{"start":{"line":6,"column":51},"end":{"line":6,"column":63}},"7":{"start":{"line":8,"column":4},"end":{"line":8,"column":39}},"8":{"start":{"line":10,"column":4},"end":{"line":10,"column":33}},"9":{"start":{"line":10,"column":26},"end":{"line":10,"column":33}},"10":{"start":{"line":11,"column":4},"end":{"line":11,"column":17}},"11":{"start":{"line":13,"column":25},"end":{"line":17,"column":2}},"12":{"start":{"line":14,"column":4},"end":{"line":14,"column":72}},"13":{"start":{"line":16,"column":4},"end":{"line":16,"column":21}},"14":{"start":{"line":18,"column":19},"end":{"line":34,"column":4}},"15":{"start":{"line":19,"column":18},"end":{"line":26,"column":5}},"16":{"start":{"line":20,"column":8},"end":{"line":24,"column":10}},"17":{"start":{"line":21,"column":21},"end":{"line":21,"column":23}},"18":{"start":{"line":22,"column":12},"end":{"line":22,"column":95}},"19":{"start":{"line":22,"column":29},"end":{"line":22,"column":95}},"20":{"start":{"line":22,"column":77},"end":{"line":22,"column":95}},"21":{"start":{"line":23,"column":12},"end":{"line":23,"column":22}},"22":{"start":{"line":25,"column":8},"end":{"line":25,"column":26}},"23":{"start":{"line":27,"column":4},"end":{"line":33,"column":6}},"24":{"start":{"line":28,"column":8},"end":{"line":28,"column":46}},"25":{"start":{"line":28,"column":35},"end":{"line":28,"column":46}},"26":{"start":{"line":29,"column":21},"end":{"line":29,"column":23}},"27":{"start":{"line":30,"column":8},"end":{"line":30,"column":137}},"28":{"start":{"line":30,"column":25},"end":{"line":30,"column":137}},"29":{"start":{"line":30,"column":38},"end":{"line":30,"column":50}},"30":{"start":{"line":30,"column":56},"end":{"line":30,"column":57}},"31":{"start":{"line":30,"column":78},"end":{"line":30,"column":137}},"32":{"start":{"line":30,"column":102},"end":{"line":30,"column":137}},"33":{"start":{"line":31,"column":8},"end":{"line":31,"column":40}},"34":{"start":{"line":32,"column":8},"end":{"line":32,"column":22}},"35":{"start":{"line":35,"column":0},"end":{"line":35,"column":62}},"36":{"start":{"line":36,"column":0},"end":{"line":36,"column":35}},"37":{"start":{"line":37,"column":11},"end":{"line":37,"column":46}},"38":{"start":{"line":38,"column":16},"end":{"line":38,"column":34}},"39":{"start":{"line":44,"column":8},"end":{"line":44,"column":25}},"40":{"start":{"line":45,"column":8},"end":{"line":45,"column":49}},"41":{"start":{"line":47,"column":8},"end":{"line":47,"column":21}},"42":{"start":{"line":53,"column":8},"end":{"line":53,"column":25}},"43":{"start":{"line":54,"column":8},"end":{"line":54,"column":47}},"44":{"start":{"line":55,"column":8},"end":{"line":58,"column":10}},"45":{"start":{"line":64,"column":27},"end":{"line":64,"column":98}},"46":{"start":{"line":65,"column":8},"end":{"line":65,"column":44}},"47":{"start":{"line":71,"column":8},"end":{"line":71,"column":26}},"48":{"start":{"line":78,"column":8},"end":{"line":80,"column":9}},"49":{"start":{"line":79,"column":12},"end":{"line":79,"column":53}},"50":{"start":{"line":82,"column":8},"end":{"line":84,"column":9}},"51":{"start":{"line":83,"column":12},"end":{"line":83,"column":74}},"52":{"start":{"line":86,"column":8},"end":{"line":93,"column":9}},"53":{"start":{"line":88,"column":12},"end":{"line":88,"column":84}},"54":{"start":{"line":88,"column":43},"end":{"line":88,"column":82}},"55":{"start":{"line":92,"column":12},"end":{"line":92,"column":92}},"56":{"start":{"line":92,"column":43},"end":{"line":92,"column":90}},"57":{"start":{"line":99,"column":8},"end":{"line":101,"column":9}},"58":{"start":{"line":100,"column":12},"end":{"line":100,"column":25}},"59":{"start":{"line":102,"column":27},"end":{"line":102,"column":42}},"60":{"start":{"line":104,"column":8},"end":{"line":106,"column":9}},"61":{"start":{"line":105,"column":12},"end":{"line":105,"column":24}},"62":{"start":{"line":108,"column":8},"end":{"line":110,"column":9}},"63":{"start":{"line":109,"column":12},"end":{"line":109,"column":54}},"64":{"start":{"line":111,"column":8},"end":{"line":111,"column":21}},"65":{"start":{"line":117,"column":8},"end":{"line":119,"column":9}},"66":{"start":{"line":118,"column":12},"end":{"line":118,"column":25}},"67":{"start":{"line":120,"column":27},"end":{"line":120,"column":42}},"68":{"start":{"line":122,"column":8},"end":{"line":124,"column":9}},"69":{"start":{"line":123,"column":12},"end":{"line":123,"column":24}},"70":{"start":{"line":126,"column":8},"end":{"line":131,"column":9}},"71":{"start":{"line":127,"column":27},"end":{"line":127,"column":48}},"72":{"start":{"line":128,"column":12},"end":{"line":130,"column":13}},"73":{"start":{"line":129,"column":16},"end":{"line":129,"column":28}},"74":{"start":{"line":132,"column":8},"end":{"line":132,"column":21}},"75":{"start":{"line":138,"column":36},"end":{"line":138,"column":107}},"76":{"start":{"line":140,"column":25},"end":{"line":140,"column":51}},"77":{"start":{"line":141,"column":8},"end":{"line":149,"column":9}},"78":{"start":{"line":142,"column":12},"end":{"line":147,"column":15}},"79":{"start":{"line":148,"column":12},"end":{"line":148,"column":19}},"80":{"start":{"line":151,"column":27},"end":{"line":151,"column":52}},"81":{"start":{"line":153,"column":21},"end":{"line":153,"column":121}},"82":{"start":{"line":155,"column":8},"end":{"line":155,"column":55}},"83":{"start":{"line":157,"column":8},"end":{"line":162,"column":9}},"84":{"start":{"line":158,"column":12},"end":{"line":158,"column":50}},"85":{"start":{"line":161,"column":12},"end":{"line":161,"column":37}},"86":{"start":{"line":168,"column":36},"end":{"line":168,"column":112}},"87":{"start":{"line":170,"column":26},"end":{"line":170,"column":60}},"88":{"start":{"line":171,"column":8},"end":{"line":179,"column":9}},"89":{"start":{"line":172,"column":12},"end":{"line":177,"column":15}},"90":{"start":{"line":178,"column":12},"end":{"line":178,"column":19}},"91":{"start":{"line":180,"column":25},"end":{"line":180,"column":44}},"92":{"start":{"line":181,"column":8},"end":{"line":189,"column":9}},"93":{"start":{"line":182,"column":12},"end":{"line":187,"column":15}},"94":{"start":{"line":188,"column":12},"end":{"line":188,"column":19}},"95":{"start":{"line":192,"column":8},"end":{"line":208,"column":9}},"96":{"start":{"line":193,"column":25},"end":{"line":193,"column":55}},"97":{"start":{"line":194,"column":12},"end":{"line":207,"column":13}},"98":{"start":{"line":195,"column":35},"end":{"line":195,"column":47}},"99":{"start":{"line":197,"column":16},"end":{"line":197,"column":61}},"100":{"start":{"line":199,"column":16},"end":{"line":206,"column":17}},"101":{"start":{"line":200,"column":20},"end":{"line":205,"column":21}},"102":{"start":{"line":201,"column":24},"end":{"line":204,"column":25}},"103":{"start":{"line":202,"column":28},"end":{"line":202,"column":46}},"104":{"start":{"line":203,"column":28},"end":{"line":203,"column":34}},"105":{"start":{"line":210,"column":21},"end":{"line":210,"column":121}},"106":{"start":{"line":212,"column":8},"end":{"line":212,"column":65}},"107":{"start":{"line":214,"column":8},"end":{"line":219,"column":9}},"108":{"start":{"line":215,"column":12},"end":{"line":215,"column":50}},"109":{"start":{"line":218,"column":12},"end":{"line":218,"column":37}},"110":{"start":{"line":225,"column":21},"end":{"line":225,"column":35}},"111":{"start":{"line":227,"column":8},"end":{"line":229,"column":9}},"112":{"start":{"line":228,"column":12},"end":{"line":228,"column":29}},"113":{"start":{"line":230,"column":25},"end":{"line":230,"column":32}},"114":{"start":{"line":232,"column":8},"end":{"line":234,"column":9}},"115":{"start":{"line":233,"column":12},"end":{"line":233,"column":33}},"116":{"start":{"line":236,"column":8},"end":{"line":238,"column":9}},"117":{"start":{"line":237,"column":12},"end":{"line":237,"column":38}},"118":{"start":{"line":240,"column":8},"end":{"line":245,"column":9}},"119":{"start":{"line":241,"column":25},"end":{"line":241,"column":38}},"120":{"start":{"line":242,"column":12},"end":{"line":244,"column":13}},"121":{"start":{"line":243,"column":16},"end":{"line":243,"column":38}},"122":{"start":{"line":246,"column":8},"end":{"line":246,"column":25}},"123":{"start":{"line":252,"column":27},"end":{"line":252,"column":42}},"124":{"start":{"line":254,"column":8},"end":{"line":256,"column":9}},"125":{"start":{"line":255,"column":12},"end":{"line":255,"column":29}},"126":{"start":{"line":258,"column":20},"end":{"line":258,"column":41}},"127":{"start":{"line":259,"column":8},"end":{"line":273,"column":9}},"128":{"start":{"line":261,"column":25},"end":{"line":261,"column":33}},"129":{"start":{"line":263,"column":26},"end":{"line":263,"column":51}},"130":{"start":{"line":264,"column":12},"end":{"line":265,"column":29}},"131":{"start":{"line":265,"column":16},"end":{"line":265,"column":29}},"132":{"start":{"line":267,"column":12},"end":{"line":271,"column":13}},"133":{"start":{"line":268,"column":16},"end":{"line":270,"column":17}},"134":{"start":{"line":269,"column":20},"end":{"line":269,"column":32}},"135":{"start":{"line":272,"column":12},"end":{"line":272,"column":29}},"136":{"start":{"line":274,"column":8},"end":{"line":280,"column":9}},"137":{"start":{"line":276,"column":26},"end":{"line":276,"column":52}},"138":{"start":{"line":277,"column":12},"end":{"line":279,"column":13}},"139":{"start":{"line":278,"column":16},"end":{"line":278,"column":60}},"140":{"start":{"line":281,"column":8},"end":{"line":281,"column":25}},"141":{"start":{"line":287,"column":22},"end":{"line":287,"column":24}},"142":{"start":{"line":288,"column":22},"end":{"line":288,"column":26}},"143":{"start":{"line":289,"column":8},"end":{"line":294,"column":9}},"144":{"start":{"line":290,"column":12},"end":{"line":292,"column":13}},"145":{"start":{"line":291,"column":16},"end":{"line":291,"column":49}},"146":{"start":{"line":293,"column":12},"end":{"line":293,"column":41}},"147":{"start":{"line":295,"column":8},"end":{"line":297,"column":9}},"148":{"start":{"line":296,"column":12},"end":{"line":296,"column":40}},"149":{"start":{"line":298,"column":8},"end":{"line":298,"column":21}},"150":{"start":{"line":304,"column":27},"end":{"line":304,"column":36}},"151":{"start":{"line":305,"column":27},"end":{"line":305,"column":44}},"152":{"start":{"line":306,"column":8},"end":{"line":308,"column":9}},"153":{"start":{"line":307,"column":12},"end":{"line":307,"column":30}},"154":{"start":{"line":310,"column":8},"end":{"line":320,"column":9}},"155":{"start":{"line":311,"column":25},"end":{"line":311,"column":40}},"156":{"start":{"line":313,"column":12},"end":{"line":319,"column":13}},"157":{"start":{"line":314,"column":16},"end":{"line":318,"column":17}},"158":{"start":{"line":315,"column":20},"end":{"line":317,"column":21}},"159":{"start":{"line":316,"column":24},"end":{"line":316,"column":87}},"160":{"start":{"line":322,"column":8},"end":{"line":335,"column":9}},"161":{"start":{"line":323,"column":12},"end":{"line":334,"column":13}},"162":{"start":{"line":324,"column":16},"end":{"line":333,"column":17}},"163":{"start":{"line":325,"column":33},"end":{"line":325,"column":85}},"164":{"start":{"line":326,"column":20},"end":{"line":332,"column":21}},"165":{"start":{"line":327,"column":24},"end":{"line":331,"column":27}},"166":{"start":{"line":336,"column":8},"end":{"line":336,"column":26}},"167":{"start":{"line":343,"column":8},"end":{"line":359,"column":9}},"168":{"start":{"line":345,"column":25},"end":{"line":345,"column":34}},"169":{"start":{"line":346,"column":12},"end":{"line":358,"column":13}},"170":{"start":{"line":348,"column":16},"end":{"line":357,"column":17}},"171":{"start":{"line":349,"column":33},"end":{"line":349,"column":48}},"172":{"start":{"line":350,"column":20},"end":{"line":356,"column":21}},"173":{"start":{"line":351,"column":24},"end":{"line":355,"column":27}},"174":{"start":{"line":361,"column":8},"end":{"line":385,"column":9}},"175":{"start":{"line":362,"column":23},"end":{"line":362,"column":38}},"176":{"start":{"line":363,"column":12},"end":{"line":384,"column":13}},"177":{"start":{"line":367,"column":29},"end":{"line":367,"column":43}},"178":{"start":{"line":368,"column":16},"end":{"line":383,"column":17}},"179":{"start":{"line":370,"column":37},"end":{"line":370,"column":44}},"180":{"start":{"line":371,"column":20},"end":{"line":382,"column":21}},"181":{"start":{"line":372,"column":24},"end":{"line":381,"column":25}},"182":{"start":{"line":373,"column":28},"end":{"line":380,"column":29}},"183":{"start":{"line":374,"column":45},"end":{"line":374,"column":59}},"184":{"start":{"line":375,"column":32},"end":{"line":379,"column":35}},"185":{"start":{"line":391,"column":27},"end":{"line":391,"column":36}},"186":{"start":{"line":392,"column":8},"end":{"line":403,"column":9}},"187":{"start":{"line":393,"column":12},"end":{"line":402,"column":13}},"188":{"start":{"line":394,"column":29},"end":{"line":394,"column":81}},"189":{"start":{"line":395,"column":16},"end":{"line":401,"column":17}},"190":{"start":{"line":396,"column":20},"end":{"line":400,"column":23}},"191":{"start":{"line":404,"column":8},"end":{"line":404,"column":26}},"192":{"start":{"line":410,"column":8},"end":{"line":412,"column":9}},"193":{"start":{"line":411,"column":12},"end":{"line":411,"column":29}},"194":{"start":{"line":413,"column":8},"end":{"line":437,"column":9}},"195":{"start":{"line":415,"column":16},"end":{"line":415,"column":32}},"196":{"start":{"line":417,"column":16},"end":{"line":417,"column":32}},"197":{"start":{"line":419,"column":16},"end":{"line":419,"column":33}},"198":{"start":{"line":421,"column":16},"end":{"line":421,"column":35}},"199":{"start":{"line":423,"column":16},"end":{"line":423,"column":30}},"200":{"start":{"line":425,"column":16},"end":{"line":425,"column":29}},"201":{"start":{"line":427,"column":16},"end":{"line":427,"column":33}},"202":{"start":{"line":429,"column":16},"end":{"line":429,"column":30}},"203":{"start":{"line":431,"column":16},"end":{"line":431,"column":77}},"204":{"start":{"line":433,"column":16},"end":{"line":433,"column":32}},"205":{"start":{"line":436,"column":16},"end":{"line":436,"column":33}},"206":{"start":{"line":443,"column":8},"end":{"line":469,"column":9}},"207":{"start":{"line":445,"column":16},"end":{"line":445,"column":32}},"208":{"start":{"line":447,"column":16},"end":{"line":447,"column":32}},"209":{"start":{"line":450,"column":16},"end":{"line":450,"column":33}},"210":{"start":{"line":452,"column":16},"end":{"line":452,"column":30}},"211":{"start":{"line":454,"column":16},"end":{"line":454,"column":35}},"212":{"start":{"line":456,"column":16},"end":{"line":456,"column":40}},"213":{"start":{"line":458,"column":16},"end":{"line":458,"column":32}},"214":{"start":{"line":461,"column":32},"end":{"line":461,"column":43}},"215":{"start":{"line":462,"column":16},"end":{"line":464,"column":17}},"216":{"start":{"line":463,"column":20},"end":{"line":463,"column":51}},"217":{"start":{"line":465,"column":16},"end":{"line":465,"column":32}},"218":{"start":{"line":468,"column":16},"end":{"line":468,"column":33}},"219":{"start":{"line":472,"column":0},"end":{"line":472,"column":46}}},"fnMap":{"0":{"name":"(anonymous_0)","decl":{"start":{"line":2,"column":74},"end":{"line":2,"column":75}},"loc":{"start":{"line":2,"column":96},"end":{"line":9,"column":1}},"line":2},"1":{"name":"(anonymous_1)","decl":{"start":{"line":6,"column":38},"end":{"line":6,"column":39}},"loc":{"start":{"line":6,"column":49},"end":{"line":6,"column":65}},"line":6},"2":{"name":"(anonymous_2)","decl":{"start":{"line":9,"column":6},"end":{"line":9,"column":7}},"loc":{"start":{"line":9,"column":28},"end":{"line":12,"column":1}},"line":9},"3":{"name":"(anonymous_3)","decl":{"start":{"line":13,"column":80},"end":{"line":13,"column":81}},"loc":{"start":{"line":13,"column":95},"end":{"line":15,"column":1}},"line":13},"4":{"name":"(anonymous_4)","decl":{"start":{"line":15,"column":5},"end":{"line":15,"column":6}},"loc":{"start":{"line":15,"column":20},"end":{"line":17,"column":1}},"line":15},"5":{"name":"(anonymous_5)","decl":{"start":{"line":18,"column":51},"end":{"line":18,"column":52}},"loc":{"start":{"line":18,"column":63},"end":{"line":34,"column":1}},"line":18},"6":{"name":"(anonymous_6)","decl":{"start":{"line":19,"column":18},"end":{"line":19,"column":19}},"loc":{"start":{"line":19,"column":30},"end":{"line":26,"column":5}},"line":19},"7":{"name":"(anonymous_7)","decl":{"start":{"line":20,"column":48},"end":{"line":20,"column":49}},"loc":{"start":{"line":20,"column":61},"end":{"line":24,"column":9}},"line":20},"8":{"name":"(anonymous_8)","decl":{"start":{"line":27,"column":11},"end":{"line":27,"column":12}},"loc":{"start":{"line":27,"column":26},"end":{"line":33,"column":5}},"line":27},"9":{"name":"(anonymous_9)","decl":{"start":{"line":43,"column":4},"end":{"line":43,"column":5}},"loc":{"start":{"line":43,"column":25},"end":{"line":48,"column":5}},"line":43},"10":{"name":"(anonymous_10)","decl":{"start":{"line":52,"column":4},"end":{"line":52,"column":5}},"loc":{"start":{"line":52,"column":28},"end":{"line":59,"column":5}},"line":52},"11":{"name":"(anonymous_11)","decl":{"start":{"line":63,"column":4},"end":{"line":63,"column":5}},"loc":{"start":{"line":63,"column":52},"end":{"line":66,"column":5}},"line":63},"12":{"name":"(anonymous_12)","decl":{"start":{"line":70,"column":4},"end":{"line":70,"column":5}},"loc":{"start":{"line":70,"column":15},"end":{"line":72,"column":5}},"line":70},"13":{"name":"(anonymous_13)","decl":{"start":{"line":76,"column":4},"end":{"line":76,"column":5}},"loc":{"start":{"line":76,"column":46},"end":{"line":94,"column":5}},"line":76},"14":{"name":"(anonymous_14)","decl":{"start":{"line":88,"column":34},"end":{"line":88,"column":35}},"loc":{"start":{"line":88,"column":43},"end":{"line":88,"column":82}},"line":88},"15":{"name":"(anonymous_15)","decl":{"start":{"line":92,"column":34},"end":{"line":92,"column":35}},"loc":{"start":{"line":92,"column":43},"end":{"line":92,"column":90}},"line":92},"16":{"name":"(anonymous_16)","decl":{"start":{"line":98,"column":4},"end":{"line":98,"column":5}},"loc":{"start":{"line":98,"column":23},"end":{"line":112,"column":5}},"line":98},"17":{"name":"(anonymous_17)","decl":{"start":{"line":116,"column":4},"end":{"line":116,"column":5}},"loc":{"start":{"line":116,"column":30},"end":{"line":133,"column":5}},"line":116},"18":{"name":"(anonymous_18)","decl":{"start":{"line":137,"column":4},"end":{"line":137,"column":5}},"loc":{"start":{"line":137,"column":40},"end":{"line":163,"column":5}},"line":137},"19":{"name":"(anonymous_19)","decl":{"start":{"line":167,"column":4},"end":{"line":167,"column":5}},"loc":{"start":{"line":167,"column":68},"end":{"line":220,"column":5}},"line":167},"20":{"name":"(anonymous_20)","decl":{"start":{"line":224,"column":4},"end":{"line":224,"column":5}},"loc":{"start":{"line":224,"column":26},"end":{"line":247,"column":5}},"line":224},"21":{"name":"(anonymous_21)","decl":{"start":{"line":251,"column":4},"end":{"line":251,"column":5}},"loc":{"start":{"line":251,"column":25},"end":{"line":282,"column":5}},"line":251},"22":{"name":"(anonymous_22)","decl":{"start":{"line":286,"column":4},"end":{"line":286,"column":5}},"loc":{"start":{"line":286,"column":27},"end":{"line":299,"column":5}},"line":286},"23":{"name":"(anonymous_23)","decl":{"start":{"line":303,"column":4},"end":{"line":303,"column":5}},"loc":{"start":{"line":303,"column":28},"end":{"line":337,"column":5}},"line":303},"24":{"name":"(anonymous_24)","decl":{"start":{"line":341,"column":4},"end":{"line":341,"column":5}},"loc":{"start":{"line":341,"column":51},"end":{"line":386,"column":5}},"line":341},"25":{"name":"(anonymous_25)","decl":{"start":{"line":390,"column":4},"end":{"line":390,"column":5}},"loc":{"start":{"line":390,"column":38},"end":{"line":405,"column":5}},"line":390},"26":{"name":"(anonymous_26)","decl":{"start":{"line":409,"column":4},"end":{"line":409,"column":5}},"loc":{"start":{"line":409,"column":24},"end":{"line":438,"column":5}},"line":409},"27":{"name":"(anonymous_27)","decl":{"start":{"line":442,"column":4},"end":{"line":442,"column":5}},"loc":{"start":{"line":442,"column":42},"end":{"line":470,"column":5}},"line":442}},"branchMap":{"0":{"loc":{"start":{"line":2,"column":22},"end":{"line":12,"column":3}},"type":"binary-expr","locations":[{"start":{"line":2,"column":23},"end":{"line":2,"column":27}},{"start":{"line":2,"column":31},"end":{"line":2,"column":51}},{"start":{"line":2,"column":57},"end":{"line":12,"column":2}}],"line":2},"1":{"loc":{"start":{"line":2,"column":57},"end":{"line":12,"column":2}},"type":"cond-expr","locations":[{"start":{"line":2,"column":74},"end":{"line":9,"column":1}},{"start":{"line":9,"column":6},"end":{"line":12,"column":1}}],"line":2},"2":{"loc":{"start":{"line":3,"column":4},"end":{"line":3,"column":33}},"type":"if","locations":[{"start":{"line":3,"column":4},"end":{"line":3,"column":33}},{"start":{},"end":{}}],"line":3},"3":{"loc":{"start":{"line":5,"column":4},"end":{"line":7,"column":5}},"type":"if","locations":[{"start":{"line":5,"column":4},"end":{"line":7,"column":5}},{"start":{},"end":{}}],"line":5},"4":{"loc":{"start":{"line":5,"column":8},"end":{"line":5,"column":85}},"type":"binary-expr","locations":[{"start":{"line":5,"column":8},"end":{"line":5,"column":13}},{"start":{"line":5,"column":18},"end":{"line":5,"column":84}}],"line":5},"5":{"loc":{"start":{"line":5,"column":18},"end":{"line":5,"column":84}},"type":"cond-expr","locations":[{"start":{"line":5,"column":34},"end":{"line":5,"column":47}},{"start":{"line":5,"column":50},"end":{"line":5,"column":84}}],"line":5},"6":{"loc":{"start":{"line":5,"column":50},"end":{"line":5,"column":84}},"type":"binary-expr","locations":[{"start":{"line":5,"column":50},"end":{"line":5,"column":63}},{"start":{"line":5,"column":67},"end":{"line":5,"column":84}}],"line":5},"7":{"loc":{"start":{"line":10,"column":4},"end":{"line":10,"column":33}},"type":"if","locations":[{"start":{"line":10,"column":4},"end":{"line":10,"column":33}},{"start":{},"end":{}}],"line":10},"8":{"loc":{"start":{"line":13,"column":25},"end":{"line":17,"column":2}},"type":"binary-expr","locations":[{"start":{"line":13,"column":26},"end":{"line":13,"column":30}},{"start":{"line":13,"column":34},"end":{"line":13,"column":57}},{"start":{"line":13,"column":63},"end":{"line":17,"column":1}}],"line":13},"9":{"loc":{"start":{"line":13,"column":63},"end":{"line":17,"column":1}},"type":"cond-expr","locations":[{"start":{"line":13,"column":80},"end":{"line":15,"column":1}},{"start":{"line":15,"column":5},"end":{"line":17,"column":1}}],"line":13},"10":{"loc":{"start":{"line":18,"column":19},"end":{"line":34,"column":4}},"type":"binary-expr","locations":[{"start":{"line":18,"column":20},"end":{"line":18,"column":24}},{"start":{"line":18,"column":28},"end":{"line":18,"column":45}},{"start":{"line":18,"column":50},"end":{"line":34,"column":4}}],"line":18},"11":{"loc":{"start":{"line":20,"column":18},"end":{"line":24,"column":9}},"type":"binary-expr","locations":[{"start":{"line":20,"column":18},"end":{"line":20,"column":44}},{"start":{"line":20,"column":48},"end":{"line":24,"column":9}}],"line":20},"12":{"loc":{"start":{"line":22,"column":29},"end":{"line":22,"column":95}},"type":"if","locations":[{"start":{"line":22,"column":29},"end":{"line":22,"column":95}},{"start":{},"end":{}}],"line":22},"13":{"loc":{"start":{"line":28,"column":8},"end":{"line":28,"column":46}},"type":"if","locations":[{"start":{"line":28,"column":8},"end":{"line":28,"column":46}},{"start":{},"end":{}}],"line":28},"14":{"loc":{"start":{"line":28,"column":12},"end":{"line":28,"column":33}},"type":"binary-expr","locations":[{"start":{"line":28,"column":12},"end":{"line":28,"column":15}},{"start":{"line":28,"column":19},"end":{"line":28,"column":33}}],"line":28},"15":{"loc":{"start":{"line":30,"column":8},"end":{"line":30,"column":137}},"type":"if","locations":[{"start":{"line":30,"column":8},"end":{"line":30,"column":137}},{"start":{},"end":{}}],"line":30},"16":{"loc":{"start":{"line":30,"column":78},"end":{"line":30,"column":137}},"type":"if","locations":[{"start":{"line":30,"column":78},"end":{"line":30,"column":137}},{"start":{},"end":{}}],"line":30},"17":{"loc":{"start":{"line":63,"column":30},"end":{"line":63,"column":50}},"type":"default-arg","locations":[{"start":{"line":63,"column":41},"end":{"line":63,"column":50}}],"line":63},"18":{"loc":{"start":{"line":78,"column":8},"end":{"line":80,"column":9}},"type":"if","locations":[{"start":{"line":78,"column":8},"end":{"line":80,"column":9}},{"start":{},"end":{}}],"line":78},"19":{"loc":{"start":{"line":82,"column":8},"end":{"line":84,"column":9}},"type":"if","locations":[{"start":{"line":82,"column":8},"end":{"line":84,"column":9}},{"start":{},"end":{}}],"line":82},"20":{"loc":{"start":{"line":86,"column":8},"end":{"line":93,"column":9}},"type":"if","locations":[{"start":{"line":86,"column":8},"end":{"line":93,"column":9}},{"start":{"line":90,"column":13},"end":{"line":93,"column":9}}],"line":86},"21":{"loc":{"start":{"line":99,"column":8},"end":{"line":101,"column":9}},"type":"if","locations":[{"start":{"line":99,"column":8},"end":{"line":101,"column":9}},{"start":{},"end":{}}],"line":99},"22":{"loc":{"start":{"line":104,"column":8},"end":{"line":106,"column":9}},"type":"if","locations":[{"start":{"line":104,"column":8},"end":{"line":106,"column":9}},{"start":{},"end":{}}],"line":104},"23":{"loc":{"start":{"line":104,"column":12},"end":{"line":104,"column":71}},"type":"binary-expr","locations":[{"start":{"line":104,"column":12},"end":{"line":104,"column":39}},{"start":{"line":104,"column":43},"end":{"line":104,"column":71}}],"line":104},"24":{"loc":{"start":{"line":108,"column":8},"end":{"line":110,"column":9}},"type":"if","locations":[{"start":{"line":108,"column":8},"end":{"line":110,"column":9}},{"start":{},"end":{}}],"line":108},"25":{"loc":{"start":{"line":117,"column":8},"end":{"line":119,"column":9}},"type":"if","locations":[{"start":{"line":117,"column":8},"end":{"line":119,"column":9}},{"start":{},"end":{}}],"line":117},"26":{"loc":{"start":{"line":122,"column":8},"end":{"line":124,"column":9}},"type":"if","locations":[{"start":{"line":122,"column":8},"end":{"line":124,"column":9}},{"start":{},"end":{}}],"line":122},"27":{"loc":{"start":{"line":122,"column":12},"end":{"line":122,"column":73}},"type":"binary-expr","locations":[{"start":{"line":122,"column":12},"end":{"line":122,"column":39}},{"start":{"line":122,"column":43},"end":{"line":122,"column":73}}],"line":122},"28":{"loc":{"start":{"line":126,"column":8},"end":{"line":131,"column":9}},"type":"if","locations":[{"start":{"line":126,"column":8},"end":{"line":131,"column":9}},{"start":{},"end":{}}],"line":126},"29":{"loc":{"start":{"line":128,"column":12},"end":{"line":130,"column":13}},"type":"if","locations":[{"start":{"line":128,"column":12},"end":{"line":130,"column":13}},{"start":{},"end":{}}],"line":128},"30":{"loc":{"start":{"line":128,"column":16},"end":{"line":128,"column":69}},"type":"binary-expr","locations":[{"start":{"line":128,"column":16},"end":{"line":128,"column":39}},{"start":{"line":128,"column":43},"end":{"line":128,"column":69}}],"line":128},"31":{"loc":{"start":{"line":141,"column":8},"end":{"line":149,"column":9}},"type":"if","locations":[{"start":{"line":141,"column":8},"end":{"line":149,"column":9}},{"start":{},"end":{}}],"line":141},"32":{"loc":{"start":{"line":157,"column":8},"end":{"line":162,"column":9}},"type":"if","locations":[{"start":{"line":157,"column":8},"end":{"line":162,"column":9}},{"start":{"line":160,"column":13},"end":{"line":162,"column":9}}],"line":157},"33":{"loc":{"start":{"line":170,"column":26},"end":{"line":170,"column":60}},"type":"binary-expr","locations":[{"start":{"line":170,"column":26},"end":{"line":170,"column":42}},{"start":{"line":170,"column":46},"end":{"line":170,"column":60}}],"line":170},"34":{"loc":{"start":{"line":171,"column":8},"end":{"line":179,"column":9}},"type":"if","locations":[{"start":{"line":171,"column":8},"end":{"line":179,"column":9}},{"start":{},"end":{}}],"line":171},"35":{"loc":{"start":{"line":171,"column":12},"end":{"line":171,"column":41}},"type":"binary-expr","locations":[{"start":{"line":171,"column":12},"end":{"line":171,"column":22}},{"start":{"line":171,"column":26},"end":{"line":171,"column":41}}],"line":171},"36":{"loc":{"start":{"line":181,"column":8},"end":{"line":189,"column":9}},"type":"if","locations":[{"start":{"line":181,"column":8},"end":{"line":189,"column":9}},{"start":{},"end":{}}],"line":181},"37":{"loc":{"start":{"line":192,"column":8},"end":{"line":208,"column":9}},"type":"if","locations":[{"start":{"line":192,"column":8},"end":{"line":208,"column":9}},{"start":{},"end":{}}],"line":192},"38":{"loc":{"start":{"line":194,"column":12},"end":{"line":207,"column":13}},"type":"if","locations":[{"start":{"line":194,"column":12},"end":{"line":207,"column":13}},{"start":{},"end":{}}],"line":194},"39":{"loc":{"start":{"line":194,"column":16},"end":{"line":194,"column":59}},"type":"binary-expr","locations":[{"start":{"line":194,"column":16},"end":{"line":194,"column":31}},{"start":{"line":194,"column":35},"end":{"line":194,"column":59}}],"line":194},"40":{"loc":{"start":{"line":199,"column":16},"end":{"line":206,"column":17}},"type":"if","locations":[{"start":{"line":199,"column":16},"end":{"line":206,"column":17}},{"start":{},"end":{}}],"line":199},"41":{"loc":{"start":{"line":201,"column":24},"end":{"line":204,"column":25}},"type":"if","locations":[{"start":{"line":201,"column":24},"end":{"line":204,"column":25}},{"start":{},"end":{}}],"line":201},"42":{"loc":{"start":{"line":214,"column":8},"end":{"line":219,"column":9}},"type":"if","locations":[{"start":{"line":214,"column":8},"end":{"line":219,"column":9}},{"start":{"line":217,"column":13},"end":{"line":219,"column":9}}],"line":214},"43":{"loc":{"start":{"line":227,"column":8},"end":{"line":229,"column":9}},"type":"if","locations":[{"start":{"line":227,"column":8},"end":{"line":229,"column":9}},{"start":{},"end":{}}],"line":227},"44":{"loc":{"start":{"line":232,"column":8},"end":{"line":234,"column":9}},"type":"if","locations":[{"start":{"line":232,"column":8},"end":{"line":234,"column":9}},{"start":{},"end":{}}],"line":232},"45":{"loc":{"start":{"line":236,"column":8},"end":{"line":238,"column":9}},"type":"if","locations":[{"start":{"line":236,"column":8},"end":{"line":238,"column":9}},{"start":{},"end":{}}],"line":236},"46":{"loc":{"start":{"line":236,"column":12},"end":{"line":236,"column":62}},"type":"binary-expr","locations":[{"start":{"line":236,"column":12},"end":{"line":236,"column":45}},{"start":{"line":236,"column":49},"end":{"line":236,"column":62}}],"line":236},"47":{"loc":{"start":{"line":240,"column":8},"end":{"line":245,"column":9}},"type":"if","locations":[{"start":{"line":240,"column":8},"end":{"line":245,"column":9}},{"start":{},"end":{}}],"line":240},"48":{"loc":{"start":{"line":242,"column":12},"end":{"line":244,"column":13}},"type":"if","locations":[{"start":{"line":242,"column":12},"end":{"line":244,"column":13}},{"start":{},"end":{}}],"line":242},"49":{"loc":{"start":{"line":242,"column":16},"end":{"line":242,"column":55}},"type":"binary-expr","locations":[{"start":{"line":242,"column":16},"end":{"line":242,"column":42}},{"start":{"line":242,"column":46},"end":{"line":242,"column":55}}],"line":242},"50":{"loc":{"start":{"line":254,"column":8},"end":{"line":256,"column":9}},"type":"if","locations":[{"start":{"line":254,"column":8},"end":{"line":256,"column":9}},{"start":{},"end":{}}],"line":254},"51":{"loc":{"start":{"line":259,"column":8},"end":{"line":273,"column":9}},"type":"if","locations":[{"start":{"line":259,"column":8},"end":{"line":273,"column":9}},{"start":{},"end":{}}],"line":259},"52":{"loc":{"start":{"line":264,"column":12},"end":{"line":265,"column":29}},"type":"if","locations":[{"start":{"line":264,"column":12},"end":{"line":265,"column":29}},{"start":{},"end":{}}],"line":264},"53":{"loc":{"start":{"line":268,"column":16},"end":{"line":270,"column":17}},"type":"if","locations":[{"start":{"line":268,"column":16},"end":{"line":270,"column":17}},{"start":{},"end":{}}],"line":268},"54":{"loc":{"start":{"line":274,"column":8},"end":{"line":280,"column":9}},"type":"if","locations":[{"start":{"line":274,"column":8},"end":{"line":280,"column":9}},{"start":{},"end":{}}],"line":274},"55":{"loc":{"start":{"line":277,"column":12},"end":{"line":279,"column":13}},"type":"if","locations":[{"start":{"line":277,"column":12},"end":{"line":279,"column":13}},{"start":{},"end":{}}],"line":277},"56":{"loc":{"start":{"line":290,"column":12},"end":{"line":292,"column":13}},"type":"if","locations":[{"start":{"line":290,"column":12},"end":{"line":292,"column":13}},{"start":{},"end":{}}],"line":290},"57":{"loc":{"start":{"line":295,"column":8},"end":{"line":297,"column":9}},"type":"if","locations":[{"start":{"line":295,"column":8},"end":{"line":297,"column":9}},{"start":{},"end":{}}],"line":295},"58":{"loc":{"start":{"line":306,"column":8},"end":{"line":308,"column":9}},"type":"if","locations":[{"start":{"line":306,"column":8},"end":{"line":308,"column":9}},{"start":{},"end":{}}],"line":306},"59":{"loc":{"start":{"line":310,"column":8},"end":{"line":320,"column":9}},"type":"if","locations":[{"start":{"line":310,"column":8},"end":{"line":320,"column":9}},{"start":{},"end":{}}],"line":310},"60":{"loc":{"start":{"line":310,"column":12},"end":{"line":310,"column":81}},"type":"binary-expr","locations":[{"start":{"line":310,"column":12},"end":{"line":310,"column":47}},{"start":{"line":310,"column":51},"end":{"line":310,"column":81}}],"line":310},"61":{"loc":{"start":{"line":313,"column":12},"end":{"line":319,"column":13}},"type":"if","locations":[{"start":{"line":313,"column":12},"end":{"line":319,"column":13}},{"start":{},"end":{}}],"line":313},"62":{"loc":{"start":{"line":315,"column":20},"end":{"line":317,"column":21}},"type":"if","locations":[{"start":{"line":315,"column":20},"end":{"line":317,"column":21}},{"start":{},"end":{}}],"line":315},"63":{"loc":{"start":{"line":322,"column":8},"end":{"line":335,"column":9}},"type":"if","locations":[{"start":{"line":322,"column":8},"end":{"line":335,"column":9}},{"start":{},"end":{}}],"line":322},"64":{"loc":{"start":{"line":324,"column":16},"end":{"line":333,"column":17}},"type":"if","locations":[{"start":{"line":324,"column":16},"end":{"line":333,"column":17}},{"start":{},"end":{}}],"line":324},"65":{"loc":{"start":{"line":324,"column":20},"end":{"line":324,"column":67}},"type":"binary-expr","locations":[{"start":{"line":324,"column":20},"end":{"line":324,"column":52}},{"start":{"line":324,"column":56},"end":{"line":324,"column":67}}],"line":324},"66":{"loc":{"start":{"line":325,"column":33},"end":{"line":325,"column":85}},"type":"cond-expr","locations":[{"start":{"line":325,"column":64},"end":{"line":325,"column":80}},{"start":{"line":325,"column":83},"end":{"line":325,"column":85}}],"line":325},"67":{"loc":{"start":{"line":326,"column":20},"end":{"line":332,"column":21}},"type":"if","locations":[{"start":{"line":326,"column":20},"end":{"line":332,"column":21}},{"start":{},"end":{}}],"line":326},"68":{"loc":{"start":{"line":343,"column":8},"end":{"line":359,"column":9}},"type":"if","locations":[{"start":{"line":343,"column":8},"end":{"line":359,"column":9}},{"start":{},"end":{}}],"line":343},"69":{"loc":{"start":{"line":343,"column":12},"end":{"line":344,"column":65}},"type":"binary-expr","locations":[{"start":{"line":343,"column":12},"end":{"line":343,"column":39}},{"start":{"line":344,"column":12},"end":{"line":344,"column":65}}],"line":343},"70":{"loc":{"start":{"line":346,"column":12},"end":{"line":358,"column":13}},"type":"if","locations":[{"start":{"line":346,"column":12},"end":{"line":358,"column":13}},{"start":{},"end":{}}],"line":346},"71":{"loc":{"start":{"line":348,"column":16},"end":{"line":357,"column":17}},"type":"if","locations":[{"start":{"line":348,"column":16},"end":{"line":357,"column":17}},{"start":{},"end":{}}],"line":348},"72":{"loc":{"start":{"line":350,"column":20},"end":{"line":356,"column":21}},"type":"if","locations":[{"start":{"line":350,"column":20},"end":{"line":356,"column":21}},{"start":{},"end":{}}],"line":350},"73":{"loc":{"start":{"line":361,"column":8},"end":{"line":385,"column":9}},"type":"if","locations":[{"start":{"line":361,"column":8},"end":{"line":385,"column":9}},{"start":{},"end":{}}],"line":361},"74":{"loc":{"start":{"line":363,"column":12},"end":{"line":384,"column":13}},"type":"if","locations":[{"start":{"line":363,"column":12},"end":{"line":384,"column":13}},{"start":{},"end":{}}],"line":363},"75":{"loc":{"start":{"line":363,"column":16},"end":{"line":366,"column":47}},"type":"binary-expr","locations":[{"start":{"line":363,"column":16},"end":{"line":363,"column":49}},{"start":{"line":364,"column":16},"end":{"line":364,"column":42}},{"start":{"line":365,"column":16},"end":{"line":365,"column":46}},{"start":{"line":366,"column":16},"end":{"line":366,"column":47}}],"line":363},"76":{"loc":{"start":{"line":368,"column":16},"end":{"line":383,"column":17}},"type":"if","locations":[{"start":{"line":368,"column":16},"end":{"line":383,"column":17}},{"start":{},"end":{}}],"line":368},"77":{"loc":{"start":{"line":368,"column":20},"end":{"line":368,"column":82}},"type":"binary-expr","locations":[{"start":{"line":368,"column":20},"end":{"line":368,"column":36}},{"start":{"line":368,"column":40},"end":{"line":368,"column":82}}],"line":368},"78":{"loc":{"start":{"line":371,"column":20},"end":{"line":382,"column":21}},"type":"if","locations":[{"start":{"line":371,"column":20},"end":{"line":382,"column":21}},{"start":{},"end":{}}],"line":371},"79":{"loc":{"start":{"line":373,"column":28},"end":{"line":380,"column":29}},"type":"if","locations":[{"start":{"line":373,"column":28},"end":{"line":380,"column":29}},{"start":{},"end":{}}],"line":373},"80":{"loc":{"start":{"line":373,"column":32},"end":{"line":373,"column":91}},"type":"binary-expr","locations":[{"start":{"line":373,"column":32},"end":{"line":373,"column":61}},{"start":{"line":373,"column":65},"end":{"line":373,"column":91}}],"line":373},"81":{"loc":{"start":{"line":393,"column":12},"end":{"line":402,"column":13}},"type":"if","locations":[{"start":{"line":393,"column":12},"end":{"line":402,"column":13}},{"start":{},"end":{}}],"line":393},"82":{"loc":{"start":{"line":393,"column":16},"end":{"line":393,"column":63}},"type":"binary-expr","locations":[{"start":{"line":393,"column":16},"end":{"line":393,"column":48}},{"start":{"line":393,"column":52},"end":{"line":393,"column":63}}],"line":393},"83":{"loc":{"start":{"line":394,"column":29},"end":{"line":394,"column":81}},"type":"cond-expr","locations":[{"start":{"line":394,"column":60},"end":{"line":394,"column":76}},{"start":{"line":394,"column":79},"end":{"line":394,"column":81}}],"line":394},"84":{"loc":{"start":{"line":395,"column":16},"end":{"line":401,"column":17}},"type":"if","locations":[{"start":{"line":395,"column":16},"end":{"line":401,"column":17}},{"start":{},"end":{}}],"line":395},"85":{"loc":{"start":{"line":410,"column":8},"end":{"line":412,"column":9}},"type":"if","locations":[{"start":{"line":410,"column":8},"end":{"line":412,"column":9}},{"start":{},"end":{}}],"line":410},"86":{"loc":{"start":{"line":413,"column":8},"end":{"line":437,"column":9}},"type":"switch","locations":[{"start":{"line":414,"column":12},"end":{"line":415,"column":32}},{"start":{"line":416,"column":12},"end":{"line":417,"column":32}},{"start":{"line":418,"column":12},"end":{"line":419,"column":33}},{"start":{"line":420,"column":12},"end":{"line":421,"column":35}},{"start":{"line":422,"column":12},"end":{"line":423,"column":30}},{"start":{"line":424,"column":12},"end":{"line":425,"column":29}},{"start":{"line":426,"column":12},"end":{"line":427,"column":33}},{"start":{"line":428,"column":12},"end":{"line":429,"column":30}},{"start":{"line":430,"column":12},"end":{"line":431,"column":77}},{"start":{"line":432,"column":12},"end":{"line":433,"column":32}},{"start":{"line":434,"column":12},"end":{"line":436,"column":33}}],"line":413},"87":{"loc":{"start":{"line":443,"column":8},"end":{"line":469,"column":9}},"type":"switch","locations":[{"start":{"line":444,"column":12},"end":{"line":445,"column":32}},{"start":{"line":446,"column":12},"end":{"line":447,"column":32}},{"start":{"line":448,"column":12},"end":{"line":448,"column":43}},{"start":{"line":449,"column":12},"end":{"line":450,"column":33}},{"start":{"line":451,"column":12},"end":{"line":452,"column":30}},{"start":{"line":453,"column":12},"end":{"line":454,"column":35}},{"start":{"line":455,"column":12},"end":{"line":456,"column":40}},{"start":{"line":457,"column":12},"end":{"line":458,"column":32}},{"start":{"line":459,"column":12},"end":{"line":466,"column":13}},{"start":{"line":467,"column":12},"end":{"line":468,"column":33}}],"line":443},"88":{"loc":{"start":{"line":462,"column":16},"end":{"line":464,"column":17}},"type":"if","locations":[{"start":{"line":462,"column":16},"end":{"line":464,"column":17}},{"start":{},"end":{}}],"line":462}},"s":{"0":1,"1":2244,"2":2244,"3":2244,"4":2244,"5":2244,"6":6804,"7":2244,"8":0,"9":0,"10":0,"11":1,"12":1,"13":0,"14":1,"15":1,"16":1,"17":0,"18":0,"19":0,"20":0,"21":0,"22":1,"23":1,"24":1,"25":0,"26":1,"27":1,"28":1,"29":1,"30":1,"31":2244,"32":2244,"33":1,"34":1,"35":1,"36":1,"37":1,"38":1,"39":26,"40":26,"41":26,"42":28,"43":28,"44":28,"45":28,"46":28,"47":15,"48":1486,"49":36,"50":1486,"51":22,"52":1486,"53":25,"54":89,"55":1461,"56":1369,"57":1486,"58":1415,"59":71,"60":71,"61":21,"62":50,"63":23,"64":27,"65":1486,"66":1461,"67":25,"68":25,"69":0,"70":25,"71":25,"72":25,"73":22,"74":3,"75":36,"76":36,"77":36,"78":0,"79":0,"80":36,"81":36,"82":36,"83":36,"84":14,"85":22,"86":22,"87":22,"88":22,"89":0,"90":0,"91":22,"92":22,"93":0,"94":0,"95":22,"96":22,"97":22,"98":10,"99":10,"100":10,"101":2,"102":4,"103":2,"104":2,"105":22,"106":22,"107":22,"108":10,"109":12,"110":36,"111":36,"112":0,"113":36,"114":36,"115":36,"116":0,"117":0,"118":0,"119":0,"120":0,"121":0,"122":0,"123":36,"124":36,"125":21,"126":15,"127":15,"128":15,"129":15,"130":15,"131":10,"132":5,"133":10,"134":4,"135":1,"136":0,"137":0,"138":0,"139":0,"140":0,"141":0,"142":0,"143":0,"144":0,"145":0,"146":0,"147":0,"148":0,"149":0,"150":36,"151":36,"152":36,"153":0,"154":36,"155":32,"156":32,"157":32,"158":30,"159":30,"160":36,"161":0,"162":0,"163":0,"164":0,"165":0,"166":36,"167":30,"168":28,"169":28,"170":28,"171":28,"172":28,"173":28,"174":30,"175":2,"176":2,"177":2,"178":2,"179":2,"180":2,"181":0,"182":0,"183":0,"184":0,"185":22,"186":22,"187":34,"188":25,"189":25,"190":25,"191":22,"192":25,"193":2,"194":23,"195":15,"196":7,"197":1,"198":0,"199":0,"200":0,"201":0,"202":0,"203":0,"204":0,"205":0,"206":28,"207":22,"208":2,"209":2,"210":0,"211":0,"212":1,"213":0,"214":0,"215":0,"216":0,"217":0,"218":1,"219":1},"f":{"0":2244,"1":6804,"2":0,"3":1,"4":0,"5":1,"6":1,"7":0,"8":1,"9":26,"10":28,"11":28,"12":15,"13":1486,"14":89,"15":1369,"16":1486,"17":1486,"18":36,"19":22,"20":36,"21":36,"22":0,"23":36,"24":30,"25":22,"26":25,"27":28},"b":{"0":[1,1,1],"1":[1,0],"2":[2244,0],"3":[2244,0],"4":[2244,2244],"5":[2244,0],"6":[0,0],"7":[0,0],"8":[1,1,1],"9":[1,0],"10":[1,1,1],"11":[1,0],"12":[0,0],"13":[0,1],"14":[1,1],"15":[1,0],"16":[2244,0],"17":[7],"18":[36,1450],"19":[22,1464],"20":[25,1461],"21":[1415,71],"22":[21,50],"23":[71,48],"24":[23,27],"25":[1461,25],"26":[0,25],"27":[25,0],"28":[25,0],"29":[22,3],"30":[25,25],"31":[0,36],"32":[14,22],"33":[22,0],"34":[0,22],"35":[22,22],"36":[0,22],"37":[22,0],"38":[10,12],"39":[22,12],"40":[2,8],"41":[2,2],"42":[10,12],"43":[0,36],"44":[36,0],"45":[0,0],"46":[0,0],"47":[0,0],"48":[0,0],"49":[0,0],"50":[21,15],"51":[15,0],"52":[10,5],"53":[4,6],"54":[0,0],"55":[0,0],"56":[0,0],"57":[0,0],"58":[0,36],"59":[32,4],"60":[36,4],"61":[32,0],"62":[30,0],"63":[0,36],"64":[0,0],"65":[0,0],"66":[0,0],"67":[0,0],"68":[28,2],"69":[30,28],"70":[28,0],"71":[28,0],"72":[28,0],"73":[2,28],"74":[2,0],"75":[2,2,2,2],"76":[2,0],"77":[2,2],"78":[0,2],"79":[0,0],"80":[0,0],"81":[25,9],"82":[34,25],"83":[25,0],"84":[25,0],"85":[2,23],"86":[15,7,1,0,0,0,0,0,0,0,0],"87":[22,2,2,2,0,0,1,0,0,1],"88":[0,0]},"inputSourceMap":{"version":3,"file":"/code/mnemonica/tactica/src/analyzer.ts","sources":["/code/mnemonica/tactica/src/analyzer.ts"],"names":[],"mappings":"AAAA,YAAY,CAAC;;;;;;;;;;;;;;;;;;;;;;;;;;;;;;;;;;;;AAEb,+CAAiC;AAEjC,mCAAwC;AAExC;;GAEG;AACH,MAAa,iBAAiB;IAI7B,YAAY,OAAoB;QAHxB,WAAM,GAAmB,EAAE,CAAC;QAC5B,UAAK,GAAG,IAAI,qBAAa,EAAE,CAAC;QAGnC,6EAA6E;QAC7E,KAAK,OAAO,CAAC;IACd,CAAC;IAED;;OAEG;IACH,WAAW,CAAC,UAAyB;QACpC,IAAI,CAAC,MAAM,GAAG,EAAE,CAAC;QACjB,IAAI,CAAC,SAAS,CAAC,UAAU,EAAE,UAAU,CAAC,CAAC;QAEvC,OAAO;YACN,KAAK,EAAE,IAAI,CAAC,KAAK,CAAC,WAAW,EAAE;YAC/B,MAAM,EAAE,IAAI,CAAC,MAAM;SACnB,CAAC;IACH,CAAC;IAED;;OAEG;IACH,aAAa,CAAC,UAAkB,EAAE,QAAQ,GAAG,SAAS;QACrD,MAAM,UAAU,GAAG,EAAE,CAAC,gBAAgB,CACrC,QAAQ,EACR,UAAU,EACV,EAAE,CAAC,YAAY,CAAC,MAAM,EACtB,IAAI,CACJ,CAAC;QACF,OAAO,IAAI,CAAC,WAAW,CAAC,UAAU,CAAC,CAAC;IACrC,CAAC;IAED;;OAEG;IACH,QAAQ;QACP,OAAO,IAAI,CAAC,KAAK,CAAC;IACnB,CAAC;IAED;;OAEG;IACK,SAAS,CAAC,IAAa,EAAE,UAAyB,EAAE,YAAkC;QAC7F,2BAA2B;QAC3B,IAAI,IAAI,CAAC,YAAY,CAAC,IAAI,CAAC,EAAE,CAAC;YAC7B,IAAI,CAAC,iBAAiB,CAAC,IAAyB,EAAE,UAAU,CAAC,CAAC;QAC/D,CAAC;QAED,iCAAiC;QACjC,IAAI,IAAI,CAAC,mBAAmB,CAAC,IAAI,CAAC,EAAE,CAAC;YACpC,IAAI,CAAC,wBAAwB,CAAC,IAAoB,EAAE,UAAU,EAAE,YAAY,CAAC,CAAC;QAC/E,CAAC;QAED,uDAAuD;QACvD,IAAI,EAAE,CAAC,kBAAkB,CAAC,IAAI,CAAC,EAAE,CAAC;YACjC,wDAAwD;YACxD,EAAE,CAAC,YAAY,CAAC,IAAI,EAAE,KAAK,CAAC,EAAE,CAAC,IAAI,CAAC,SAAS,CAAC,KAAK,EAAE,UAAU,EAAE,IAAI,CAAC,CAAC,CAAC;QACzE,CAAC;aAAM,CAAC;YACP,6BAA6B;YAC7B,EAAE,CAAC,YAAY,CAAC,IAAI,EAAE,KAAK,CAAC,EAAE,CAAC,IAAI,CAAC,SAAS,CAAC,KAAK,EAAE,UAAU,EAAE,YAAY,CAAC,CAAC,CAAC;QACjF,CAAC;IACF,CAAC;IAED;;OAEG;IACK,YAAY,CAAC,IAAa;QACjC,IAAI,CAAC,EAAE,CAAC,gBAAgB,CAAC,IAAI,CAAC,EAAE,CAAC;YAChC,OAAO,KAAK,CAAC;QACd,CAAC;QAED,MAAM,UAAU,GAAG,IAAI,CAAC,UAAU,CAAC;QAEnC,iDAAiD;QACjD,IAAI,EAAE,CAAC,YAAY,CAAC,UAAU,CAAC,IAAI,UAAU,CAAC,IAAI,KAAK,QAAQ,EAAE,CAAC;YACjE,OAAO,IAAI,CAAC;QACb,CAAC;QAED,yDAAyD;QACzD,IAAI,EAAE,CAAC,0BAA0B,CAAC,UAAU,CAAC,EAAE,CAAC;YAC/C,OAAO,UAAU,CAAC,IAAI,EAAE,IAAI,KAAK,QAAQ,CAAC;QAC3C,CAAC;QAED,OAAO,KAAK,CAAC;IACd,CAAC;IAED;;OAEG;IACK,mBAAmB,CAAC,IAAa;QACxC,IAAI,CAAC,EAAE,CAAC,WAAW,CAAC,IAAI,CAAC,EAAE,CAAC;YAC3B,OAAO,KAAK,CAAC;QACd,CAAC;QAED,MAAM,UAAU,GAAG,IAAI,CAAC,UAAU,CAAC;QAEnC,sBAAsB;QACtB,IAAI,EAAE,CAAC,YAAY,CAAC,UAAU,CAAC,IAAI,UAAU,CAAC,IAAI,KAAK,UAAU,EAAE,CAAC;YACnE,OAAO,IAAI,CAAC;QACb,CAAC;QAED,iDAAiD;QACjD,IAAI,EAAE,CAAC,gBAAgB,CAAC,UAAU,CAAC,EAAE,CAAC;YACrC,MAAM,MAAM,GAAG,UAAU,CAAC,UAAU,CAAC;YACrC,IAAI,EAAE,CAAC,YAAY,CAAC,MAAM,CAAC,IAAI,MAAM,CAAC,IAAI,KAAK,UAAU,EAAE,CAAC;gBAC3D,OAAO,IAAI,CAAC;YACb,CAAC;QACF,CAAC;QAED,OAAO,KAAK,CAAC;IACd,CAAC;IAED;;OAEG;IACK,iBAAiB,CAAC,IAAuB,EAAE,UAAyB;QAC3E,MAAM,EAAE,IAAI,EAAE,SAAS,EAAE,GAAG,EAAE,CAAC,6BAA6B,CAC3D,UAAU,EACV,IAAI,CAAC,QAAQ,CAAC,UAAU,CAAC,CACzB,CAAC;QAEF,mCAAmC;QACnC,MAAM,QAAQ,GAAG,IAAI,CAAC,eAAe,CAAC,IAAI,CAAC,CAAC;QAC5C,IAAI,CAAC,QAAQ,EAAE,CAAC;YACf,IAAI,CAAC,MAAM,CAAC,IAAI,CAAC;gBAChB,OAAO,EAAE,gDAAgD;gBACzD,IAAI,EAAE,UAAU,CAAC,QAAQ;gBACzB,IAAI,EAAE,IAAI,GAAG,CAAC;gBACd,MAAM,EAAE,SAAS,GAAG,CAAC;aACrB,CAAC,CAAC;YACH,OAAO;QACR,CAAC;QAED,wBAAwB;QACxB,MAAM,UAAU,GAAG,IAAI,CAAC,cAAc,CAAC,IAAI,CAAC,CAAC;QAE7C,mBAAmB;QACnB,MAAM,IAAI,GAAG,qBAAa,CAAC,UAAU,CACpC,QAAQ,EACR,UAAU,EACV,UAAU,CAAC,QAAQ,EACnB,IAAI,GAAG,CAAC,EACR,SAAS,GAAG,CAAC,CACb,CAAC;QAEF,+CAA+C;QAC/C,IAAI,CAAC,UAAU,GAAG,IAAI,CAAC,iBAAiB,CAAC,IAAI,CAAC,CAAC;QAE/C,eAAe;QACf,IAAI,UAAU,EAAE,CAAC;YAChB,IAAI,CAAC,KAAK,CAAC,QAAQ,CAAC,UAAU,EAAE,IAAI,CAAC,CAAC;QACvC,CAAC;aAAM,CAAC;YACP,IAAI,CAAC,KAAK,CAAC,OAAO,CAAC,IAAI,CAAC,CAAC;QAC1B,CAAC;IACF,CAAC;IAED;;OAEG;IACK,wBAAwB,CAAC,SAAuB,EAAE,UAAyB,EAAE,cAAoC;QACxH,MAAM,EAAE,IAAI,EAAE,SAAS,EAAE,GAAG,EAAE,CAAC,6BAA6B,CAC3D,UAAU,EACV,SAAS,CAAC,QAAQ,CAAC,UAAU,CAAC,CAC9B,CAAC;QAEF,0EAA0E;QAC1E,MAAM,SAAS,GAAG,SAAS,CAAC,MAAyC,IAAI,cAAc,CAAC;QACxF,IAAI,CAAC,SAAS,IAAI,CAAC,SAAS,CAAC,IAAI,EAAE,CAAC;YACnC,IAAI,CAAC,MAAM,CAAC,IAAI,CAAC;gBAChB,OAAO,EAAE,6BAA6B;gBACtC,IAAI,EAAE,UAAU,CAAC,QAAQ;gBACzB,IAAI,EAAE,IAAI,GAAG,CAAC;gBACd,MAAM,EAAE,SAAS,GAAG,CAAC;aACrB,CAAC,CAAC;YACH,OAAO;QACR,CAAC;QAED,MAAM,QAAQ,GAAG,SAAS,CAAC,IAAI,CAAC,IAAI,CAAC;QACrC,IAAI,CAAC,QAAQ,EAAE,CAAC;YACf,IAAI,CAAC,MAAM,CAAC,IAAI,CAAC;gBAChB,OAAO,EAAE,6BAA6B;gBACtC,IAAI,EAAE,UAAU,CAAC,QAAQ;gBACzB,IAAI,EAAE,IAAI,GAAG,CAAC;gBACd,MAAM,EAAE,SAAS,GAAG,CAAC;aACrB,CAAC,CAAC;YACH,OAAO;QACR,CAAC;QAED,mDAAmD;QACnD,IAAI,UAAgC,CAAC;QACrC,IAAI,EAAE,CAAC,gBAAgB,CAAC,SAAS,CAAC,UAAU,CAAC,EAAE,CAAC;YAC/C,MAAM,IAAI,GAAG,SAAS,CAAC,UAAU,CAAC,SAAS,CAAC;YAC5C,IAAI,IAAI,CAAC,MAAM,GAAG,CAAC,IAAI,EAAE,CAAC,YAAY,CAAC,IAAI,CAAC,CAAC,CAAC,CAAC,EAAE,CAAC;gBACjD,MAAM,UAAU,GAAG,IAAI,CAAC,CAAC,CAAC,CAAC,IAAI,CAAC;gBAChC,wBAAwB;gBACxB,UAAU,GAAG,IAAI,CAAC,KAAK,CAAC,QAAQ,CAAC,UAAU,CAAC,CAAC;gBAC7C,2DAA2D;gBAC3D,IAAI,CAAC,UAAU,EAAE,CAAC;oBACjB,KAAK,MAAM,IAAI,IAAI,IAAI,CAAC,KAAK,CAAC,WAAW,EAAE,EAAE,CAAC;wBAC7C,IAAI,IAAI,CAAC,IAAI,KAAK,UAAU,EAAE,CAAC;4BAC9B,UAAU,GAAG,IAAI,CAAC;4BAClB,MAAM;wBACP,CAAC;oBACF,CAAC;gBACF,CAAC;YACF,CAAC;QACF,CAAC;QAED,mBAAmB;QACnB,MAAM,IAAI,GAAG,qBAAa,CAAC,UAAU,CACpC,QAAQ,EACR,UAAU,EACV,UAAU,CAAC,QAAQ,EACnB,IAAI,GAAG,CAAC,EACR,SAAS,GAAG,CAAC,CACb,CAAC;QAEF,wCAAwC;QACxC,IAAI,CAAC,UAAU,GAAG,IAAI,CAAC,sBAAsB,CAAC,SAAS,CAAC,CAAC;QAEzD,eAAe;QACf,IAAI,UAAU,EAAE,CAAC;YAChB,IAAI,CAAC,KAAK,CAAC,QAAQ,CAAC,UAAU,EAAE,IAAI,CAAC,CAAC;QACvC,CAAC;aAAM,CAAC;YACP,IAAI,CAAC,KAAK,CAAC,OAAO,CAAC,IAAI,CAAC,CAAC;QAC1B,CAAC;IACF,CAAC;IAED;;OAEG;IACK,eAAe,CAAC,IAAuB;QAC9C,MAAM,IAAI,GAAG,IAAI,CAAC,SAAS,CAAC;QAE5B,qDAAqD;QACrD,IAAI,IAAI,CAAC,MAAM,KAAK,CAAC,EAAE,CAAC;YACvB,OAAO,SAAS,CAAC;QAClB,CAAC;QAED,MAAM,QAAQ,GAAG,IAAI,CAAC,CAAC,CAAC,CAAC;QAEzB,0CAA0C;QAC1C,IAAI,EAAE,CAAC,eAAe,CAAC,QAAQ,CAAC,EAAE,CAAC;YAClC,OAAO,QAAQ,CAAC,IAAI,CAAC;QACtB,CAAC;QAED,qDAAqD;QACrD,IAAI,EAAE,CAAC,oBAAoB,CAAC,QAAQ,CAAC,IAAI,QAAQ,CAAC,IAAI,EAAE,CAAC;YACxD,OAAO,QAAQ,CAAC,IAAI,CAAC,IAAI,CAAC;QAC3B,CAAC;QAED,kEAAkE;QAClE,IAAI,EAAE,CAAC,eAAe,CAAC,QAAQ,CAAC,EAAE,CAAC;YAClC,MAAM,IAAI,GAAG,QAAQ,CAAC,IAAI,CAAC;YAC3B,IAAI,EAAE,CAAC,iBAAiB,CAAC,IAAI,CAAC,IAAI,IAAI,CAAC,IAAI,EAAE,CAAC;gBAC7C,OAAO,IAAI,CAAC,IAAI,CAAC,IAAI,CAAC;YACvB,CAAC;QACF,CAAC;QAED,OAAO,SAAS,CAAC;IAClB,CAAC;IAED;;OAEG;IACK,cAAc,CAAC,IAAuB;QAC7C,MAAM,UAAU,GAAG,IAAI,CAAC,UAAU,CAAC;QAEnC,yDAAyD;QACzD,IAAI,CAAC,EAAE,CAAC,0BAA0B,CAAC,UAAU,CAAC,EAAE,CAAC;YAChD,OAAO,SAAS,CAAC;QAClB,CAAC;QAED,+DAA+D;QAC/D,MAAM,GAAG,GAAG,UAAU,CAAC,UAAU,CAAC;QAElC,IAAI,EAAE,CAAC,YAAY,CAAC,GAAG,CAAC,EAAE,CAAC;YAC1B,0DAA0D;YAC1D,MAAM,IAAI,GAAG,GAAG,CAAC,IAAI,CAAC;YACtB,wBAAwB;YACxB,MAAM,KAAK,GAAG,IAAI,CAAC,KAAK,CAAC,QAAQ,CAAC,IAAI,CAAC,CAAC;YACxC,IAAI,KAAK;gBAAE,OAAO,KAAK,CAAC;YACxB,2DAA2D;YAC3D,KAAK,MAAM,IAAI,IAAI,IAAI,CAAC,KAAK,CAAC,WAAW,EAAE,EAAE,CAAC;gBAC7C,IAAI,IAAI,CAAC,IAAI,KAAK,IAAI,EAAE,CAAC;oBACxB,OAAO,IAAI,CAAC;gBACb,CAAC;YACF,CAAC;YACD,OAAO,SAAS,CAAC;QAClB,CAAC;QAED,IAAI,EAAE,CAAC,0BAA0B,CAAC,GAAG,CAAC,EAAE,CAAC;YACxC,uDAAuD;YACvD,MAAM,KAAK,GAAG,IAAI,CAAC,gBAAgB,CAAC,GAAG,CAAC,CAAC;YACzC,IAAI,KAAK,CAAC,MAAM,GAAG,CAAC,EAAE,CAAC;gBACtB,OAAO,IAAI,CAAC,KAAK,CAAC,QAAQ,CAAC,KAAK,CAAC,IAAI,CAAC,GAAG,CAAC,CAAC,CAAC;YAC7C,CAAC;QACF,CAAC;QAED,OAAO,SAAS,CAAC;IAClB,CAAC;IAED;;OAEG;IACK,gBAAgB,CAAC,IAAiD;QACzE,MAAM,KAAK,GAAa,EAAE,CAAC;QAE3B,IAAI,OAAO,GAAkB,IAAI,CAAC;QAClC,OAAO,EAAE,CAAC,0BAA0B,CAAC,OAAO,CAAC,EAAE,CAAC;YAC/C,IAAI,OAAO,CAAC,IAAI,EAAE,CAAC;gBAClB,KAAK,CAAC,OAAO,CAAC,OAAO,CAAC,IAAI,CAAC,IAAI,CAAC,CAAC;YAClC,CAAC;YACD,OAAO,GAAG,OAAO,CAAC,UAAU,CAAC;QAC9B,CAAC;QAED,IAAI,EAAE,CAAC,YAAY,CAAC,OAAO,CAAC,EAAE,CAAC;YAC9B,KAAK,CAAC,OAAO,CAAC,OAAO,CAAC,IAAI,CAAC,CAAC;QAC7B,CAAC;QAED,OAAO,KAAK,CAAC;IACd,CAAC;IAED;;OAEG;IACK,iBAAiB,CAAC,IAAuB;QAChD,MAAM,UAAU,GAAG,IAAI,GAAG,EAAwB,CAAC;QAEnD,MAAM,UAAU,GAAG,IAAI,CAAC,SAAS,CAAC,CAAC,CAAC,CAAC;QACrC,IAAI,CAAC,UAAU,EAAE,CAAC;YACjB,OAAO,UAAU,CAAC;QACnB,CAAC;QAED,6BAA6B;QAC7B,IAAI,EAAE,CAAC,oBAAoB,CAAC,UAAU,CAAC,IAAI,EAAE,CAAC,eAAe,CAAC,UAAU,CAAC,EAAE,CAAC;YAC3E,MAAM,IAAI,GAAG,UAAU,CAAC,IAAI,CAAC;YAE7B,gCAAgC;YAChC,IAAI,EAAE,CAAC,OAAO,CAAC,IAAI,CAAC,EAAE,CAAC;gBACtB,KAAK,MAAM,IAAI,IAAI,IAAI,CAAC,UAAU,EAAE,CAAC;oBACpC,IAAI,EAAE,CAAC,qBAAqB,CAAC,IAAI,CAAC,EAAE,CAAC;wBACpC,IAAI,CAAC,4BAA4B,CAAC,IAAI,CAAC,UAAU,EAAE,UAAU,CAAC,CAAC;oBAChE,CAAC;gBACF,CAAC;YACF,CAAC;QACF,CAAC;QAED,0BAA0B;QAC1B,IAAI,EAAE,CAAC,iBAAiB,CAAC,UAAU,CAAC,EAAE,CAAC;YACtC,KAAK,MAAM,MAAM,IAAI,UAAU,CAAC,OAAO,EAAE,CAAC;gBACzC,IAAI,EAAE,CAAC,qBAAqB,CAAC,MAAM,CAAC,IAAI,MAAM,CAAC,IAAI,EAAE,CAAC;oBACrD,MAAM,IAAI,GAAG,EAAE,CAAC,YAAY,CAAC,MAAM,CAAC,IAAI,CAAC,CAAC,CAAC,CAAC,MAAM,CAAC,IAAI,CAAC,IAAI,CAAC,CAAC,CAAC,EAAE,CAAC;oBAClE,IAAI,IAAI,EAAE,CAAC;wBACV,UAAU,CAAC,GAAG,CAAC,IAAI,EAAE;4BACpB,IAAI;4BACJ,IAAI,EAAE,IAAI,CAAC,SAAS,CAAC,MAAM,CAAC,IAAI,CAAC;4BACjC,QAAQ,EAAE,CAAC,CAAC,MAAM,CAAC,aAAa;yBAChC,CAAC,CAAC;oBACJ,CAAC;gBACF,CAAC;YACF,CAAC;QACF,CAAC;QAED,OAAO,UAAU,CAAC;IACnB,CAAC;IAED;;OAEG;IACK,4BAA4B,CACnC,IAAmB,EACnB,UAAqC;QAErC,gCAAgC;QAChC,IAAI,EAAE,CAAC,kBAAkB,CAAC,IAAI,CAAC;YAC9B,IAAI,CAAC,aAAa,CAAC,IAAI,KAAK,EAAE,CAAC,UAAU,CAAC,WAAW,EAAE,CAAC;YACxD,MAAM,IAAI,GAAG,IAAI,CAAC,IAAI,CAAC;YAEvB,IAAI,EAAE,CAAC,0BAA0B,CAAC,IAAI,CAAC,EAAE,CAAC;gBACzC,0CAA0C;gBAC1C,IAAI,IAAI,CAAC,UAAU,CAAC,IAAI,KAAK,EAAE,CAAC,UAAU,CAAC,WAAW,EAAE,CAAC;oBACxD,MAAM,IAAI,GAAG,IAAI,CAAC,IAAI,EAAE,IAAI,CAAC;oBAC7B,IAAI,IAAI,EAAE,CAAC;wBACV,UAAU,CAAC,GAAG,CAAC,IAAI,EAAE;4BACpB,IAAI;4BACJ,IAAI,EAAE,IAAI,CAAC,wBAAwB,CAAC,IAAI,CAAC,KAAK,CAAC;4BAC/C,QAAQ,EAAE,KAAK;yBACf,CAAC,CAAC;oBACJ,CAAC;gBACF,CAAC;YACF,CAAC;QACF,CAAC;QAED,+CAA+C;QAC/C,IAAI,EAAE,CAAC,gBAAgB,CAAC,IAAI,CAAC,EAAE,CAAC;YAC/B,MAAM,EAAE,GAAG,IAAI,CAAC,UAAU,CAAC;YAC3B,IAAI,EAAE,CAAC,0BAA0B,CAAC,EAAE,CAAC;gBACpC,EAAE,CAAC,IAAI,EAAE,IAAI,KAAK,QAAQ;gBAC1B,EAAE,CAAC,YAAY,CAAC,EAAE,CAAC,UAAU,CAAC;gBAC9B,EAAE,CAAC,UAAU,CAAC,IAAI,KAAK,QAAQ,EAAE,CAAC;gBAClC,MAAM,IAAI,GAAG,IAAI,CAAC,SAAS,CAAC;gBAC5B,IAAI,IAAI,CAAC,MAAM,IAAI,CAAC,IAAI,IAAI,CAAC,CAAC,CAAC,CAAC,IAAI,KAAK,EAAE,CAAC,UAAU,CAAC,WAAW,EAAE,CAAC;oBACpE,8CAA8C;oBAC9C,MAAM,QAAQ,GAAG,IAAI,CAAC,CAAC,CAAC,CAAC;oBACzB,IAAI,EAAE,CAAC,yBAAyB,CAAC,QAAQ,CAAC,EAAE,CAAC;wBAC5C,KAAK,MAAM,IAAI,IAAI,QAAQ,CAAC,UAAU,EAAE,CAAC;4BACxC,IAAI,EAAE,CAAC,oBAAoB,CAAC,IAAI,CAAC,IAAI,EAAE,CAAC,YAAY,CAAC,IAAI,CAAC,IAAI,CAAC,EAAE,CAAC;gCACjE,MAAM,IAAI,GAAG,IAAI,CAAC,IAAI,CAAC,IAAI,CAAC;gCAC5B,UAAU,CAAC,GAAG,CAAC,IAAI,EAAE;oCACpB,IAAI;oCACJ,IAAI,EAAE,IAAI,CAAC,wBAAwB,CAAC,IAAI,CAAC,WAAW,CAAC;oCACrD,QAAQ,EAAE,KAAK;iCACf,CAAC,CAAC;4BACJ,CAAC;wBACF,CAAC;oBACF,CAAC;gBACF,CAAC;YACF,CAAC;QACF,CAAC;IACF,CAAC;IAED;;OAEG;IACK,sBAAsB,CAAC,SAA8B;QAC5D,MAAM,UAAU,GAAG,IAAI,GAAG,EAAwB,CAAC;QAEnD,KAAK,MAAM,MAAM,IAAI,SAAS,CAAC,OAAO,EAAE,CAAC;YACxC,IAAI,EAAE,CAAC,qBAAqB,CAAC,MAAM,CAAC,IAAI,MAAM,CAAC,IAAI,EAAE,CAAC;gBACrD,MAAM,IAAI,GAAG,EAAE,CAAC,YAAY,CAAC,MAAM,CAAC,IAAI,CAAC,CAAC,CAAC,CAAC,MAAM,CAAC,IAAI,CAAC,IAAI,CAAC,CAAC,CAAC,EAAE,CAAC;gBAClE,IAAI,IAAI,EAAE,CAAC;oBACV,UAAU,CAAC,GAAG,CAAC,IAAI,EAAE;wBACpB,IAAI;wBACJ,IAAI,EAAE,IAAI,CAAC,SAAS,CAAC,MAAM,CAAC,IAAI,CAAC;wBACjC,QAAQ,EAAE,CAAC,CAAC,MAAM,CAAC,aAAa;qBAChC,CAAC,CAAC;gBACJ,CAAC;YACF,CAAC;QACF,CAAC;QAED,OAAO,UAAU,CAAC;IACnB,CAAC;IAED;;OAEG;IACK,SAAS,CAAC,QAAsB;QACvC,IAAI,CAAC,QAAQ,EAAE,CAAC;YACf,OAAO,SAAS,CAAC;QAClB,CAAC;QAED,QAAQ,QAAQ,CAAC,IAAI,EAAE,CAAC;YACvB,KAAK,EAAE,CAAC,UAAU,CAAC,aAAa;gBAC/B,OAAO,QAAQ,CAAC;YACjB,KAAK,EAAE,CAAC,UAAU,CAAC,aAAa;gBAC/B,OAAO,QAAQ,CAAC;YACjB,KAAK,EAAE,CAAC,UAAU,CAAC,cAAc;gBAChC,OAAO,SAAS,CAAC;YAClB,KAAK,EAAE,CAAC,UAAU,CAAC,gBAAgB;gBAClC,OAAO,WAAW,CAAC;YACpB,KAAK,EAAE,CAAC,UAAU,CAAC,WAAW;gBAC7B,OAAO,MAAM,CAAC;YACf,KAAK,EAAE,CAAC,UAAU,CAAC,UAAU;gBAC5B,OAAO,KAAK,CAAC;YACd,KAAK,EAAE,CAAC,UAAU,CAAC,cAAc;gBAChC,OAAO,SAAS,CAAC;YAClB,KAAK,EAAE,CAAC,UAAU,CAAC,WAAW;gBAC7B,OAAO,MAAM,CAAC;YACf,KAAK,EAAE,CAAC,UAAU,CAAC,SAAS;gBAC3B,OAAO,QAAQ,GAAG,IAAI,CAAC,SAAS,CAAE,QAA6B,CAAC,WAAW,CAAC,GAAG,GAAG,CAAC;YACpF,KAAK,EAAE,CAAC,UAAU,CAAC,WAAW;gBAC7B,OAAO,QAAQ,CAAC;YACjB;gBACC,oDAAoD;gBACpD,OAAO,SAAS,CAAC;QACnB,CAAC;IACF,CAAC;IAED;;OAEG;IACK,wBAAwB,CAAC,WAA0B;QAC1D,QAAQ,WAAW,CAAC,IAAI,EAAE,CAAC;YAC1B,KAAK,EAAE,CAAC,UAAU,CAAC,aAAa;gBAC/B,OAAO,QAAQ,CAAC;YACjB,KAAK,EAAE,CAAC,UAAU,CAAC,cAAc;gBAChC,OAAO,QAAQ,CAAC;YACjB,KAAK,EAAE,CAAC,UAAU,CAAC,WAAW,CAAC;YAC/B,KAAK,EAAE,CAAC,UAAU,CAAC,YAAY;gBAC9B,OAAO,SAAS,CAAC;YAClB,KAAK,EAAE,CAAC,UAAU,CAAC,WAAW;gBAC7B,OAAO,MAAM,CAAC;YACf,KAAK,EAAE,CAAC,UAAU,CAAC,gBAAgB;gBAClC,OAAO,WAAW,CAAC;YACpB,KAAK,EAAE,CAAC,UAAU,CAAC,sBAAsB;gBACxC,OAAO,gBAAgB,CAAC;YACzB,KAAK,EAAE,CAAC,UAAU,CAAC,uBAAuB;gBACzC,OAAO,QAAQ,CAAC;YACjB,KAAK,EAAE,CAAC,UAAU,CAAC,aAAa,CAAC,CAAC,CAAC;gBAClC,qCAAqC;gBACrC,MAAM,OAAO,GAAG,WAA+B,CAAC;gBAChD,IAAI,EAAE,CAAC,YAAY,CAAC,OAAO,CAAC,UAAU,CAAC,EAAE,CAAC;oBACzC,OAAO,OAAO,CAAC,UAAU,CAAC,IAAI,CAAC;gBAChC,CAAC;gBACD,OAAO,QAAQ,CAAC;YACjB,CAAC;YACD;gBACC,OAAO,SAAS,CAAC;QACnB,CAAC;IACF,CAAC;CACD;AAlgBD,8CAkgBC","sourcesContent":["'use strict';\n\nimport * as ts from 'typescript';\nimport { TypeNode, PropertyInfo, AnalyzeResult, AnalyzeError } from './types';\nimport { TypeGraphImpl } from './graph';\n\n/**\n * AST Analyzer for finding Mnemonica define() and decorate() calls\n */\nexport class MnemonicaAnalyzer {\n\tprivate errors: AnalyzeError[] = [];\n\tprivate graph = new TypeGraphImpl();\n\n\tconstructor(program?: ts.Program) {\n\t\t// Store program for future use (currently unused but kept for extensibility)\n\t\tvoid program;\n\t}\n\n\t/**\n\t * Analyze a source file for Mnemonica type definitions\n\t */\n\tanalyzeFile(sourceFile: ts.SourceFile): AnalyzeResult {\n\t\tthis.errors = [];\n\t\tthis.visitNode(sourceFile, sourceFile);\n\n\t\treturn {\n\t\t\ttypes: this.graph.getAllTypes(),\n\t\t\terrors: this.errors,\n\t\t};\n\t}\n\n\t/**\n\t * Analyze source code string\n\t */\n\tanalyzeSource(sourceCode: string, fileName = 'temp.ts'): AnalyzeResult {\n\t\tconst sourceFile = ts.createSourceFile(\n\t\t\tfileName,\n\t\t\tsourceCode,\n\t\t\tts.ScriptTarget.Latest,\n\t\t\ttrue\n\t\t);\n\t\treturn this.analyzeFile(sourceFile);\n\t}\n\n\t/**\n\t * Get the type graph\n\t */\n\tgetGraph(): TypeGraphImpl {\n\t\treturn this.graph;\n\t}\n\n\t/**\n\t * Visit a node in the AST\n\t */\n\tprivate visitNode(node: ts.Node, sourceFile: ts.SourceFile, currentClass?: ts.ClassDeclaration): void {\n\t\t// Check for define() calls\n\t\tif (this.isDefineCall(node)) {\n\t\t\tthis.processDefineCall(node as ts.CallExpression, sourceFile);\n\t\t}\n\n\t\t// Check for decorate() decorator\n\t\tif (this.isDecorateDecorator(node)) {\n\t\t\tthis.processDecorateDecorator(node as ts.Decorator, sourceFile, currentClass);\n\t\t}\n\n\t\t// Track class declarations for decorator parent lookup\n\t\tif (ts.isClassDeclaration(node)) {\n\t\t\t// Visit children with this class as the current context\n\t\t\tts.forEachChild(node, child => this.visitNode(child, sourceFile, node));\n\t\t} else {\n\t\t\t// Recursively visit children\n\t\t\tts.forEachChild(node, child => this.visitNode(child, sourceFile, currentClass));\n\t\t}\n\t}\n\n\t/**\n\t * Check if a node is a define() call\n\t */\n\tprivate isDefineCall(node: ts.Node): node is ts.CallExpression {\n\t\tif (!ts.isCallExpression(node)) {\n\t\t\treturn false;\n\t\t}\n\n\t\tconst expression = node.expression;\n\n\t\t// Check for direct call: define('TypeName', ...)\n\t\tif (ts.isIdentifier(expression) && expression.text === 'define') {\n\t\t\treturn true;\n\t\t}\n\n\t\t// Check for method call: SomeType.define('SubType', ...)\n\t\tif (ts.isPropertyAccessExpression(expression)) {\n\t\t\treturn expression.name?.text === 'define';\n\t\t}\n\n\t\treturn false;\n\t}\n\n\t/**\n\t * Check if a node is a @decorate() decorator\n\t */\n\tprivate isDecorateDecorator(node: ts.Node): node is ts.Decorator {\n\t\tif (!ts.isDecorator(node)) {\n\t\t\treturn false;\n\t\t}\n\n\t\tconst expression = node.expression;\n\n\t\t// Check for @decorate\n\t\tif (ts.isIdentifier(expression) && expression.text === 'decorate') {\n\t\t\treturn true;\n\t\t}\n\n\t\t// Check for @decorate() or @decorate(ParentType)\n\t\tif (ts.isCallExpression(expression)) {\n\t\t\tconst fnName = expression.expression;\n\t\t\tif (ts.isIdentifier(fnName) && fnName.text === 'decorate') {\n\t\t\t\treturn true;\n\t\t\t}\n\t\t}\n\n\t\treturn false;\n\t}\n\n\t/**\n\t * Process a define() call\n\t */\n\tprivate processDefineCall(call: ts.CallExpression, sourceFile: ts.SourceFile): void {\n\t\tconst { line, character } = ts.getLineAndCharacterOfPosition(\n\t\t\tsourceFile,\n\t\t\tcall.getStart(sourceFile)\n\t\t);\n\n\t\t// Get the type name from arguments\n\t\tconst typeName = this.extractTypeName(call);\n\t\tif (!typeName) {\n\t\t\tthis.errors.push({\n\t\t\t\tmessage: 'Could not extract type name from define() call',\n\t\t\t\tfile: sourceFile.fileName,\n\t\t\t\tline: line + 1,\n\t\t\t\tcolumn: character + 1,\n\t\t\t});\n\t\t\treturn;\n\t\t}\n\n\t\t// Determine parent type\n\t\tconst parentNode = this.findParentType(call);\n\n\t\t// Create type node\n\t\tconst node = TypeGraphImpl.createNode(\n\t\t\ttypeName,\n\t\t\tparentNode,\n\t\t\tsourceFile.fileName,\n\t\t\tline + 1,\n\t\t\tcharacter + 1\n\t\t);\n\n\t\t// Extract properties from constructor function\n\t\tnode.properties = this.extractProperties(call);\n\n\t\t// Add to graph\n\t\tif (parentNode) {\n\t\t\tthis.graph.addChild(parentNode, node);\n\t\t} else {\n\t\t\tthis.graph.addRoot(node);\n\t\t}\n\t}\n\n\t/**\n\t * Process a @decorate() decorator\n\t */\n\tprivate processDecorateDecorator(decorator: ts.Decorator, sourceFile: ts.SourceFile, classDeclParam?: ts.ClassDeclaration): void {\n\t\tconst { line, character } = ts.getLineAndCharacterOfPosition(\n\t\t\tsourceFile,\n\t\t\tdecorator.getStart(sourceFile)\n\t\t);\n\n\t\t// Get the class declaration - use the passed context if parent is not set\n\t\tconst classDecl = decorator.parent as ts.ClassDeclaration | undefined || classDeclParam;\n\t\tif (!classDecl || !classDecl.name) {\n\t\t\tthis.errors.push({\n\t\t\t\tmessage: 'Decorated class has no name',\n\t\t\t\tfile: sourceFile.fileName,\n\t\t\t\tline: line + 1,\n\t\t\t\tcolumn: character + 1,\n\t\t\t});\n\t\t\treturn;\n\t\t}\n\n\t\tconst typeName = classDecl.name.text;\n\t\tif (!typeName) {\n\t\t\tthis.errors.push({\n\t\t\t\tmessage: 'Decorated class has no name',\n\t\t\t\tfile: sourceFile.fileName,\n\t\t\t\tline: line + 1,\n\t\t\t\tcolumn: character + 1,\n\t\t\t});\n\t\t\treturn;\n\t\t}\n\n\t\t// Try to find parent type from decorator arguments\n\t\tlet parentNode: TypeNode | undefined;\n\t\tif (ts.isCallExpression(decorator.expression)) {\n\t\t\tconst args = decorator.expression.arguments;\n\t\t\tif (args.length > 0 && ts.isIdentifier(args[0])) {\n\t\t\t\tconst parentName = args[0].text;\n\t\t\t\t// First try exact match\n\t\t\t\tparentNode = this.graph.findType(parentName);\n\t\t\t\t// Then search through all types for one with matching name\n\t\t\t\tif (!parentNode) {\n\t\t\t\t\tfor (const type of this.graph.getAllTypes()) {\n\t\t\t\t\t\tif (type.name === parentName) {\n\t\t\t\t\t\t\tparentNode = type;\n\t\t\t\t\t\t\tbreak;\n\t\t\t\t\t\t}\n\t\t\t\t\t}\n\t\t\t\t}\n\t\t\t}\n\t\t}\n\n\t\t// Create type node\n\t\tconst node = TypeGraphImpl.createNode(\n\t\t\ttypeName,\n\t\t\tparentNode,\n\t\t\tsourceFile.fileName,\n\t\t\tline + 1,\n\t\t\tcharacter + 1\n\t\t);\n\n\t\t// Extract properties from class members\n\t\tnode.properties = this.extractClassProperties(classDecl);\n\n\t\t// Add to graph\n\t\tif (parentNode) {\n\t\t\tthis.graph.addChild(parentNode, node);\n\t\t} else {\n\t\t\tthis.graph.addRoot(node);\n\t\t}\n\t}\n\n\t/**\n\t * Extract type name from define() call arguments\n\t */\n\tprivate extractTypeName(call: ts.CallExpression): string | undefined {\n\t\tconst args = call.arguments;\n\n\t\t// define('TypeName', handler) or define(() => class)\n\t\tif (args.length === 0) {\n\t\t\treturn undefined;\n\t\t}\n\n\t\tconst firstArg = args[0];\n\n\t\t// String literal: define('TypeName', ...)\n\t\tif (ts.isStringLiteral(firstArg)) {\n\t\t\treturn firstArg.text;\n\t\t}\n\n\t\t// Function with name: define(function TypeName() {})\n\t\tif (ts.isFunctionExpression(firstArg) && firstArg.name) {\n\t\t\treturn firstArg.name.text;\n\t\t}\n\n\t\t// Arrow function returning class: define(() => class TypeName {})\n\t\tif (ts.isArrowFunction(firstArg)) {\n\t\t\tconst body = firstArg.body;\n\t\t\tif (ts.isClassExpression(body) && body.name) {\n\t\t\t\treturn body.name.text;\n\t\t\t}\n\t\t}\n\n\t\treturn undefined;\n\t}\n\n\t/**\n\t * Find parent type node for nested define calls\n\t */\n\tprivate findParentType(call: ts.CallExpression): TypeNode | undefined {\n\t\tconst expression = call.expression;\n\n\t\t// Check for method call: SomeType.define('SubType', ...)\n\t\tif (!ts.isPropertyAccessExpression(expression)) {\n\t\t\treturn undefined;\n\t\t}\n\n\t\t// Get the object being called on (SomeType in SomeType.define)\n\t\tconst obj = expression.expression;\n\n\t\tif (ts.isIdentifier(obj)) {\n\t\t\t// Direct reference to parent type - search by simple name\n\t\t\tconst name = obj.text;\n\t\t\t// First try exact match\n\t\t\tconst exact = this.graph.findType(name);\n\t\t\tif (exact) return exact;\n\t\t\t// Then search through all types for one with matching name\n\t\t\tfor (const type of this.graph.getAllTypes()) {\n\t\t\t\tif (type.name === name) {\n\t\t\t\t\treturn type;\n\t\t\t\t}\n\t\t\t}\n\t\t\treturn undefined;\n\t\t}\n\n\t\tif (ts.isPropertyAccessExpression(obj)) {\n\t\t\t// Nested access: instance.Type.define - try to resolve\n\t\t\tconst chain = this.getPropertyChain(obj);\n\t\t\tif (chain.length > 0) {\n\t\t\t\treturn this.graph.findType(chain.join('.'));\n\t\t\t}\n\t\t}\n\n\t\treturn undefined;\n\t}\n\n\t/**\n\t * Get property chain from nested access\n\t */\n\tprivate getPropertyChain(expr: ts.PropertyAccessExpression | ts.Identifier): string[] {\n\t\tconst chain: string[] = [];\n\n\t\tlet current: ts.Expression = expr;\n\t\twhile (ts.isPropertyAccessExpression(current)) {\n\t\t\tif (current.name) {\n\t\t\t\tchain.unshift(current.name.text);\n\t\t\t}\n\t\t\tcurrent = current.expression;\n\t\t}\n\n\t\tif (ts.isIdentifier(current)) {\n\t\t\tchain.unshift(current.text);\n\t\t}\n\n\t\treturn chain;\n\t}\n\n\t/**\n\t * Extract properties from constructor function\n\t */\n\tprivate extractProperties(call: ts.CallExpression): Map<string, PropertyInfo> {\n\t\tconst properties = new Map<string, PropertyInfo>();\n\n\t\tconst handlerArg = call.arguments[1];\n\t\tif (!handlerArg) {\n\t\t\treturn properties;\n\t\t}\n\n\t\t// Handle function expression\n\t\tif (ts.isFunctionExpression(handlerArg) || ts.isArrowFunction(handlerArg)) {\n\t\t\tconst body = handlerArg.body;\n\n\t\t\t// Function body with statements\n\t\t\tif (ts.isBlock(body)) {\n\t\t\t\tfor (const stmt of body.statements) {\n\t\t\t\t\tif (ts.isExpressionStatement(stmt)) {\n\t\t\t\t\t\tthis.extractPropertyFromStatement(stmt.expression, properties);\n\t\t\t\t\t}\n\t\t\t\t}\n\t\t\t}\n\t\t}\n\n\t\t// Handle class expression\n\t\tif (ts.isClassExpression(handlerArg)) {\n\t\t\tfor (const member of handlerArg.members) {\n\t\t\t\tif (ts.isPropertyDeclaration(member) && member.name) {\n\t\t\t\t\tconst name = ts.isIdentifier(member.name) ? member.name.text : '';\n\t\t\t\t\tif (name) {\n\t\t\t\t\t\tproperties.set(name, {\n\t\t\t\t\t\t\tname,\n\t\t\t\t\t\t\ttype: this.inferType(member.type),\n\t\t\t\t\t\t\toptional: !!member.questionToken,\n\t\t\t\t\t\t});\n\t\t\t\t\t}\n\t\t\t\t}\n\t\t\t}\n\t\t}\n\n\t\treturn properties;\n\t}\n\n\t/**\n\t * Extract property assignment from statement\n\t */\n\tprivate extractPropertyFromStatement(\n\t\texpr: ts.Expression,\n\t\tproperties: Map<string, PropertyInfo>\n\t): void {\n\t\t// Handle: this.property = value\n\t\tif (ts.isBinaryExpression(expr) &&\n\t\t\texpr.operatorToken.kind === ts.SyntaxKind.EqualsToken) {\n\t\t\tconst left = expr.left;\n\n\t\t\tif (ts.isPropertyAccessExpression(left)) {\n\t\t\t\t// Check if accessing 'this' (ThisKeyword)\n\t\t\t\tif (left.expression.kind === ts.SyntaxKind.ThisKeyword) {\n\t\t\t\t\tconst name = left.name?.text;\n\t\t\t\t\tif (name) {\n\t\t\t\t\t\tproperties.set(name, {\n\t\t\t\t\t\t\tname,\n\t\t\t\t\t\t\ttype: this.inferTypeFromInitializer(expr.right),\n\t\t\t\t\t\t\toptional: false,\n\t\t\t\t\t\t});\n\t\t\t\t\t}\n\t\t\t\t}\n\t\t\t}\n\t\t}\n\n\t\t// Handle: Object.assign(this, { prop: value })\n\t\tif (ts.isCallExpression(expr)) {\n\t\t\tconst fn = expr.expression;\n\t\t\tif (ts.isPropertyAccessExpression(fn) &&\n\t\t\t\tfn.name?.text === 'assign' &&\n\t\t\t\tts.isIdentifier(fn.expression) &&\n\t\t\t\tfn.expression.text === 'Object') {\n\t\t\t\tconst args = expr.arguments;\n\t\t\t\tif (args.length >= 2 && args[0].kind === ts.SyntaxKind.ThisKeyword) {\n\t\t\t\t\t// Extract properties from the second argument\n\t\t\t\t\tconst propsArg = args[1];\n\t\t\t\t\tif (ts.isObjectLiteralExpression(propsArg)) {\n\t\t\t\t\t\tfor (const prop of propsArg.properties) {\n\t\t\t\t\t\t\tif (ts.isPropertyAssignment(prop) && ts.isIdentifier(prop.name)) {\n\t\t\t\t\t\t\t\tconst name = prop.name.text;\n\t\t\t\t\t\t\t\tproperties.set(name, {\n\t\t\t\t\t\t\t\t\tname,\n\t\t\t\t\t\t\t\t\ttype: this.inferTypeFromInitializer(prop.initializer),\n\t\t\t\t\t\t\t\t\toptional: false,\n\t\t\t\t\t\t\t\t});\n\t\t\t\t\t\t\t}\n\t\t\t\t\t\t}\n\t\t\t\t\t}\n\t\t\t\t}\n\t\t\t}\n\t\t}\n\t}\n\n\t/**\n\t * Extract properties from class declaration\n\t */\n\tprivate extractClassProperties(classDecl: ts.ClassDeclaration): Map<string, PropertyInfo> {\n\t\tconst properties = new Map<string, PropertyInfo>();\n\n\t\tfor (const member of classDecl.members) {\n\t\t\tif (ts.isPropertyDeclaration(member) && member.name) {\n\t\t\t\tconst name = ts.isIdentifier(member.name) ? member.name.text : '';\n\t\t\t\tif (name) {\n\t\t\t\t\tproperties.set(name, {\n\t\t\t\t\t\tname,\n\t\t\t\t\t\ttype: this.inferType(member.type),\n\t\t\t\t\t\toptional: !!member.questionToken,\n\t\t\t\t\t});\n\t\t\t\t}\n\t\t\t}\n\t\t}\n\n\t\treturn properties;\n\t}\n\n\t/**\n\t * Infer TypeScript type from type node\n\t */\n\tprivate inferType(typeNode?: ts.TypeNode): string {\n\t\tif (!typeNode) {\n\t\t\treturn 'unknown';\n\t\t}\n\n\t\tswitch (typeNode.kind) {\n\t\t\tcase ts.SyntaxKind.StringKeyword:\n\t\t\t\treturn 'string';\n\t\t\tcase ts.SyntaxKind.NumberKeyword:\n\t\t\t\treturn 'number';\n\t\t\tcase ts.SyntaxKind.BooleanKeyword:\n\t\t\t\treturn 'boolean';\n\t\t\tcase ts.SyntaxKind.UndefinedKeyword:\n\t\t\t\treturn 'undefined';\n\t\t\tcase ts.SyntaxKind.NullKeyword:\n\t\t\t\treturn 'null';\n\t\t\tcase ts.SyntaxKind.AnyKeyword:\n\t\t\t\treturn 'any';\n\t\t\tcase ts.SyntaxKind.UnknownKeyword:\n\t\t\t\treturn 'unknown';\n\t\t\tcase ts.SyntaxKind.VoidKeyword:\n\t\t\t\treturn 'void';\n\t\t\tcase ts.SyntaxKind.ArrayType:\n\t\t\t\treturn 'Array<' + this.inferType((typeNode as ts.ArrayTypeNode).elementType) + '>';\n\t\t\tcase ts.SyntaxKind.TypeLiteral:\n\t\t\t\treturn 'object';\n\t\t\tdefault:\n\t\t\t\t// For complex types, return the text representation\n\t\t\t\treturn 'unknown';\n\t\t}\n\t}\n\n\t/**\n\t * Infer type from initializer\n\t */\n\tprivate inferTypeFromInitializer(initializer: ts.Expression): string {\n\t\tswitch (initializer.kind) {\n\t\t\tcase ts.SyntaxKind.StringLiteral:\n\t\t\t\treturn 'string';\n\t\t\tcase ts.SyntaxKind.NumericLiteral:\n\t\t\t\treturn 'number';\n\t\t\tcase ts.SyntaxKind.TrueKeyword:\n\t\t\tcase ts.SyntaxKind.FalseKeyword:\n\t\t\t\treturn 'boolean';\n\t\t\tcase ts.SyntaxKind.NullKeyword:\n\t\t\t\treturn 'null';\n\t\t\tcase ts.SyntaxKind.UndefinedKeyword:\n\t\t\t\treturn 'undefined';\n\t\t\tcase ts.SyntaxKind.ArrayLiteralExpression:\n\t\t\t\treturn 'Array<unknown>';\n\t\t\tcase ts.SyntaxKind.ObjectLiteralExpression:\n\t\t\t\treturn 'object';\n\t\t\tcase ts.SyntaxKind.NewExpression: {\n\t\t\t\t// Handle new Date(), new Map(), etc.\n\t\t\t\tconst newExpr = initializer as ts.NewExpression;\n\t\t\t\tif (ts.isIdentifier(newExpr.expression)) {\n\t\t\t\t\treturn newExpr.expression.text;\n\t\t\t\t}\n\t\t\t\treturn 'object';\n\t\t\t}\n\t\t\tdefault:\n\t\t\t\treturn 'unknown';\n\t\t}\n\t}\n}\n"]},"_coverageSchema":"1a1c01bbd47fc00a2c39e90264f33305004495a9","hash":"7bca042cc680d5e79ffd0dccc48044c00a16d617"},"/code/mnemonica/tactica/src/graph.ts":{"path":"/code/mnemonica/tactica/src/graph.ts","statementMap":{"0":{"start":{"line":2,"column":0},"end":{"line":2,"column":62}},"1":{"start":{"line":3,"column":0},"end":{"line":3,"column":31}},"2":{"start":{"line":9,"column":8},"end":{"line":9,"column":31}},"3":{"start":{"line":10,"column":8},"end":{"line":10,"column":34}},"4":{"start":{"line":13,"column":8},"end":{"line":13,"column":40}},"5":{"start":{"line":14,"column":8},"end":{"line":14,"column":47}},"6":{"start":{"line":17,"column":8},"end":{"line":17,"column":47}},"7":{"start":{"line":18,"column":8},"end":{"line":18,"column":30}},"8":{"start":{"line":19,"column":8},"end":{"line":19,"column":49}},"9":{"start":{"line":22,"column":8},"end":{"line":22,"column":43}},"10":{"start":{"line":25,"column":8},"end":{"line":25,"column":50}},"11":{"start":{"line":28,"column":8},"end":{"line":28,"column":27}},"12":{"start":{"line":29,"column":8},"end":{"line":29,"column":30}},"13":{"start":{"line":35,"column":25},"end":{"line":35,"column":69}},"14":{"start":{"line":36,"column":8},"end":{"line":45,"column":10}},"15":{"start":{"line":51,"column":24},"end":{"line":51,"column":33}},"16":{"start":{"line":52,"column":22},"end":{"line":52,"column":53}},"17":{"start":{"line":53,"column":8},"end":{"line":63,"column":9}},"18":{"start":{"line":54,"column":25},"end":{"line":54,"column":38}},"19":{"start":{"line":55,"column":12},"end":{"line":57,"column":13}},"20":{"start":{"line":56,"column":16},"end":{"line":56,"column":25}},"21":{"start":{"line":58,"column":12},"end":{"line":58,"column":39}},"22":{"start":{"line":59,"column":12},"end":{"line":59,"column":23}},"23":{"start":{"line":60,"column":12},"end":{"line":62,"column":13}},"24":{"start":{"line":61,"column":16},"end":{"line":61,"column":34}},"25":{"start":{"line":69,"column":26},"end":{"line":69,"column":66}},"26":{"start":{"line":70,"column":8},"end":{"line":72,"column":9}},"27":{"start":{"line":71,"column":12},"end":{"line":71,"column":19}},"28":{"start":{"line":73,"column":8},"end":{"line":73,"column":40}},"29":{"start":{"line":74,"column":8},"end":{"line":74,"column":24}},"30":{"start":{"line":75,"column":8},"end":{"line":77,"column":9}},"31":{"start":{"line":76,"column":12},"end":{"line":76,"column":44}},"32":{"start":{"line":80,"column":0},"end":{"line":80,"column":38}}},"fnMap":{"0":{"name":"(anonymous_0)","decl":{"start":{"line":8,"column":4},"end":{"line":8,"column":5}},"loc":{"start":{"line":8,"column":18},"end":{"line":11,"column":5}},"line":8},"1":{"name":"(anonymous_1)","decl":{"start":{"line":12,"column":4},"end":{"line":12,"column":5}},"loc":{"start":{"line":12,"column":18},"end":{"line":15,"column":5}},"line":12},"2":{"name":"(anonymous_2)","decl":{"start":{"line":16,"column":4},"end":{"line":16,"column":5}},"loc":{"start":{"line":16,"column":28},"end":{"line":20,"column":5}},"line":16},"3":{"name":"(anonymous_3)","decl":{"start":{"line":21,"column":4},"end":{"line":21,"column":5}},"loc":{"start":{"line":21,"column":23},"end":{"line":23,"column":5}},"line":21},"4":{"name":"(anonymous_4)","decl":{"start":{"line":24,"column":4},"end":{"line":24,"column":5}},"loc":{"start":{"line":24,"column":18},"end":{"line":26,"column":5}},"line":24},"5":{"name":"(anonymous_5)","decl":{"start":{"line":27,"column":4},"end":{"line":27,"column":5}},"loc":{"start":{"line":27,"column":12},"end":{"line":30,"column":5}},"line":27},"6":{"name":"(anonymous_6)","decl":{"start":{"line":34,"column":4},"end":{"line":34,"column":5}},"loc":{"start":{"line":34,"column":62},"end":{"line":46,"column":5}},"line":34},"7":{"name":"(anonymous_7)","decl":{"start":{"line":50,"column":4},"end":{"line":50,"column":5}},"loc":{"start":{"line":50,"column":11},"end":{"line":64,"column":5}},"line":50},"8":{"name":"(anonymous_8)","decl":{"start":{"line":68,"column":4},"end":{"line":68,"column":5}},"loc":{"start":{"line":68,"column":36},"end":{"line":78,"column":5}},"line":68}},"branchMap":{"0":{"loc":{"start":{"line":35,"column":25},"end":{"line":35,"column":69}},"type":"cond-expr","locations":[{"start":{"line":35,"column":34},"end":{"line":35,"column":62}},{"start":{"line":35,"column":65},"end":{"line":35,"column":69}}],"line":35},"1":{"loc":{"start":{"line":55,"column":12},"end":{"line":57,"column":13}},"type":"if","locations":[{"start":{"line":55,"column":12},"end":{"line":57,"column":13}},{"start":{},"end":{}}],"line":55},"2":{"loc":{"start":{"line":68,"column":15},"end":{"line":68,"column":34}},"type":"default-arg","locations":[{"start":{"line":68,"column":25},"end":{"line":68,"column":34}}],"line":68},"3":{"loc":{"start":{"line":69,"column":26},"end":{"line":69,"column":66}},"type":"binary-expr","locations":[{"start":{"line":69,"column":26},"end":{"line":69,"column":30}},{"start":{"line":69,"column":34},"end":{"line":69,"column":66}}],"line":69},"4":{"loc":{"start":{"line":70,"column":8},"end":{"line":72,"column":9}},"type":"if","locations":[{"start":{"line":70,"column":8},"end":{"line":72,"column":9}},{"start":{},"end":{}}],"line":70},"5":{"loc":{"start":{"line":70,"column":12},"end":{"line":70,"column":57}},"type":"binary-expr","locations":[{"start":{"line":70,"column":12},"end":{"line":70,"column":22}},{"start":{"line":70,"column":26},"end":{"line":70,"column":57}}],"line":70}},"s":{"0":1,"1":1,"2":32,"3":32,"4":39,"5":39,"6":26,"7":26,"8":26,"9":28,"10":47,"11":0,"12":0,"13":65,"14":65,"15":0,"16":0,"17":0,"18":0,"19":0,"20":0,"21":0,"22":0,"23":0,"24":0,"25":15,"26":15,"27":0,"28":15,"29":15,"30":15,"31":7,"32":1},"f":{"0":32,"1":39,"2":26,"3":28,"4":47,"5":0,"6":65,"7":0,"8":15},"b":{"0":[26,39],"1":[0,0],"2":[8],"3":[15,0],"4":[0,15],"5":[15,15]},"inputSourceMap":{"version":3,"file":"/code/mnemonica/tactica/src/graph.ts","sources":["/code/mnemonica/tactica/src/graph.ts"],"names":[],"mappings":"AAAA,YAAY,CAAC;;;AAIb;;GAEG;AACH,MAAa,aAAa;IAA1B;QACC,UAAK,GAA0B,IAAI,GAAG,EAAE,CAAC;QACzC,aAAQ,GAA0B,IAAI,GAAG,EAAE,CAAC;IAsF7C,CAAC;IApFA,OAAO,CAAC,IAAc;QACrB,IAAI,CAAC,KAAK,CAAC,GAAG,CAAC,IAAI,CAAC,IAAI,EAAE,IAAI,CAAC,CAAC;QAChC,IAAI,CAAC,QAAQ,CAAC,GAAG,CAAC,IAAI,CAAC,QAAQ,EAAE,IAAI,CAAC,CAAC;IACxC,CAAC;IAED,QAAQ,CAAC,MAAgB,EAAE,KAAe;QACzC,MAAM,CAAC,QAAQ,CAAC,GAAG,CAAC,KAAK,CAAC,IAAI,EAAE,KAAK,CAAC,CAAC;QACvC,KAAK,CAAC,MAAM,GAAG,MAAM,CAAC;QACtB,IAAI,CAAC,QAAQ,CAAC,GAAG,CAAC,KAAK,CAAC,QAAQ,EAAE,KAAK,CAAC,CAAC;IAC1C,CAAC;IAED,QAAQ,CAAC,QAAgB;QACxB,OAAO,IAAI,CAAC,QAAQ,CAAC,GAAG,CAAC,QAAQ,CAAC,CAAC;IACpC,CAAC;IAED,WAAW;QACV,OAAO,KAAK,CAAC,IAAI,CAAC,IAAI,CAAC,QAAQ,CAAC,MAAM,EAAE,CAAC,CAAC;IAC3C,CAAC;IAED,KAAK;QACJ,IAAI,CAAC,KAAK,CAAC,KAAK,EAAE,CAAC;QACnB,IAAI,CAAC,QAAQ,CAAC,KAAK,EAAE,CAAC;IACvB,CAAC;IAED;;OAEG;IACH,MAAM,CAAC,UAAU,CAChB,IAAY,EACZ,MAA4B,EAC5B,UAAkB,EAClB,IAAY,EACZ,MAAc;QAEd,MAAM,QAAQ,GAAG,MAAM,CAAC,CAAC,CAAC,GAAG,MAAM,CAAC,QAAQ,IAAI,IAAI,EAAE,CAAC,CAAC,CAAC,IAAI,CAAC;QAC9D,OAAO;YACN,IAAI;YACJ,QAAQ;YACR,UAAU,EAAE,IAAI,GAAG,EAAE;YACrB,MAAM;YACN,QAAQ,EAAE,IAAI,GAAG,EAAE;YACnB,UAAU;YACV,IAAI;YACJ,MAAM;SACN,CAAC;IACH,CAAC;IAED;;OAEG;IACH,CAAC,GAAG;QACH,MAAM,OAAO,GAAG,IAAI,GAAG,EAAU,CAAC;QAClC,MAAM,KAAK,GAAe,KAAK,CAAC,IAAI,CAAC,IAAI,CAAC,KAAK,CAAC,MAAM,EAAE,CAAC,CAAC;QAE1D,OAAO,KAAK,CAAC,MAAM,GAAG,CAAC,EAAE,CAAC;YACzB,MAAM,IAAI,GAAG,KAAK,CAAC,KAAK,EAAG,CAAC;YAC5B,IAAI,OAAO,CAAC,GAAG,CAAC,IAAI,CAAC,QAAQ,CAAC,EAAE,CAAC;gBAChC,SAAS;YACV,CAAC;YACD,OAAO,CAAC,GAAG,CAAC,IAAI,CAAC,QAAQ,CAAC,CAAC;YAC3B,MAAM,IAAI,CAAC;YAEX,KAAK,MAAM,KAAK,IAAI,IAAI,CAAC,QAAQ,CAAC,MAAM,EAAE,EAAE,CAAC;gBAC5C,KAAK,CAAC,IAAI,CAAC,KAAK,CAAC,CAAC;YACnB,CAAC;QACF,CAAC;IACF,CAAC;IAED;;OAEG;IACH,CAAC,GAAG,CAAC,IAAe,EAAE,UAAU,IAAI,GAAG,EAAU;QAChD,MAAM,SAAS,GAAG,IAAI,IAAI,IAAI,CAAC,KAAK
[...]
{"start":{"line":3,"column":4},"end":{"line":3,"column":33}},"2":{"start":{"line":3,"column":26},"end":{"line":3,"column":33}},"3":{"start":{"line":4,"column":15},"end":{"line":4,"column":52}},"4":{"start":{"line":5,"column":4},"end":{"line":7,"column":5}},"5":{"start":{"line":6,"column":6},"end":{"line":6,"column":68}},"6":{"start":{"line":6,"column":51},"end":{"line":6,"column":63}},"7":{"start":{"line":8,"column":4},"end":{"line":8,"column":39}},"8":{"start":{"line":10,"column":4},"end":{"line":10,"column":33}},"9":{"start":{"line":10,"column":26},"end":{"line":10,"column":33}},"10":{"start":{"line":11,"column":4},"end":{"line":11,"column":17}},"11":{"start":{"line":13,"column":25},"end":{"line":17,"column":2}},"12":{"start":{"line":14,"column":4},"end":{"line":14,"column":72}},"13":{"start":{"line":16,"column":4},"end":{"line":16,"column":21}},"14":{"start":{"line":18,"column":19},"end":{"line":34,"column":4}},"15":{"start":{"line":19,"column":18},"end":{"line":26,"column":5}},"16":{"start":{"line":20,"column":8},"end":{"line":24,"column":10}},"17":{"start":{"line":21,"column":21},"end":{"line":21,"column":23}},"18":{"start":{"line":22,"column":12},"end":{"line":22,"column":95}},"19":{"start":{"line":22,"column":29},"end":{"line":22,"column":95}},"20":{"start":{"line":22,"column":77},"end":{"line":22,"column":95}},"21":{"start":{"line":23,"column":12},"end":{"line":23,"column":22}},"22":{"start":{"line":25,"column":8},"end":{"line":25,"column":26}},"23":{"start":{"line":27,"column":4},"end":{"line":33,"column":6}},"24":{"start":{"line":28,"column":8},"end":{"line":28,"column":46}},"25":{"start":{"line":28,"column":35},"end":{"line":28,"column":46}},"26":{"start":{"line":29,"column":21},"end":{"line":29,"column":23}},"27":{"start":{"line":30,"column":8},"end":{"line":30,"column":137}},"28":{"start":{"line":30,"column":25},"end":{"line":30,"column":137}},"29":{"start":{"line":30,"column":38},"end":{"line":30,"column":50}},"30":{"start":{"line":30,"column":56},"end":{"line":30,"column":57}},"31":{"start":{"line":30,"column":78},"end":{"line":30,"column":137}},"32":{"start":{"line":30,"column":102},"end":{"line":30,"column":137}},"33":{"start":{"line":31,"column":8},"end":{"line":31,"column":40}},"34":{"start":{"line":32,"column":8},"end":{"line":32,"column":22}},"35":{"start":{"line":35,"column":0},"end":{"line":35,"column":62}},"36":{"start":{"line":36,"column":0},"end":{"line":36,"column":29}},"37":{"start":{"line":37,"column":11},"end":{"line":37,"column":38}},"38":{"start":{"line":38,"column":13},"end":{"line":38,"column":42}},"39":{"start":{"line":44,"column":8},"end":{"line":44,"column":35}},"40":{"start":{"line":51,"column":8},"end":{"line":51,"column":31}},"41":{"start":{"line":52,"column":27},"end":{"line":52,"column":66}},"42":{"start":{"line":54,"column":8},"end":{"line":54,"column":65}},"43":{"start":{"line":56,"column":8},"end":{"line":56,"column":31}},"44":{"start":{"line":57,"column":8},"end":{"line":57,"column":26}},"45":{"start":{"line":63,"column":8},"end":{"line":63,"column":31}},"46":{"start":{"line":64,"column":27},"end":{"line":64,"column":64}},"47":{"start":{"line":65,"column":8},"end":{"line":65,"column":65}},"48":{"start":{"line":66,"column":8},"end":{"line":66,"column":26}},"49":{"start":{"line":72,"column":8},"end":{"line":72,"column":31}},"50":{"start":{"line":73,"column":27},"end":{"line":73,"column":62}},"51":{"start":{"line":74,"column":8},"end":{"line":74,"column":55}},"52":{"start":{"line":75,"column":8},"end":{"line":75,"column":26}},"53":{"start":{"line":81,"column":8},"end":{"line":83,"column":9}},"54":{"start":{"line":82,"column":12},"end":{"line":82,"column":62}},"55":{"start":{"line":89,"column":30},"end":{"line":89,"column":68}},"56":{"start":{"line":90,"column":8},"end":{"line":94,"column":9}},"57":{"start":{"line":92,"column":12},"end":{"line":92,"column":77}},"58":{"start":{"line":93,"column":12},"end":{"line":93,"column":19}},"59":{"start":{"line":95,"column":24},"end":{"line":95,"column":63}},"60":{"start":{"line":96,"column":22},"end":{"line":96,"column":41}},"61":{"start":{"line":98,"column":26},"end":{"line":99,"column":49}},"62":{"start":{"line":98,"column":45},"end":{"line":99,"column":48}},"63":{"start":{"line":100,"column":8},"end":{"line":106,"column":9}},"64":{"start":{"line":102,"column":31},"end":{"line":104,"column":52}},"65":{"start":{"line":105,"column":12},"end":{"line":105,"column":65}},"66":{"start":{"line":112,"column":8},"end":{"line":117,"column":9}},"67":{"start":{"line":113,"column":26},"end":{"line":113,"column":56}},"68":{"start":{"line":114,"column":12},"end":{"line":116,"column":13}},"69":{"start":{"line":115,"column":16},"end":{"line":115,"column":63}},"70":{"start":{"line":123,"column":8},"end":{"line":123,"column":30}},"71":{"start":{"line":126,"column":0},"end":{"line":126,"column":34}}},"fnMap":{"0":{"name":"(anonymous_0)","decl":{"start":{"line":2,"column":74},"end":{"line":2,"column":75}},"loc":{"start":{"line":2,"column":96},"end":{"line":9,"column":1}},"line":2},"1":{"name":"(anonymous_1)","decl":{"start":{"line":6,"column":38},"end":{"line":6,"column":39}},"loc":{"start":{"line":6,"column":49},"end":{"line":6,"column":65}},"line":6},"2":{"name":"(anonymous_2)","decl":{"start":{"line":9,"column":6},"end":{"line":9,"column":7}},"loc":{"start":{"line":9,"column":28},"end":{"line":12,"column":1}},"line":9},"3":{"name":"(anonymous_3)","decl":{"start":{"line":13,"column":80},"end":{"line":13,"column":81}},"loc":{"start":{"line":13,"column":95},"end":{"line":15,"column":1}},"line":13},"4":{"name":"(anonymous_4)","decl":{"start":{"line":15,"column":5},"end":{"line":15,"column":6}},"loc":{"start":{"line":15,"column":20},"end":{"line":17,"column":1}},"line":15},"5":{"name":"(anonymous_5)","decl":{"start":{"line":18,"column":51},"end":{"line":18,"column":52}},"loc":{"start":{"line":18,"column":63},"end":{"line":34,"column":1}},"line":18},"6":{"name":"(anonymous_6)","decl":{"start":{"line":19,"column":18},"end":{"line":19,"column":19}},"loc":{"start":{"line":19,"column":30},"end":{"line":26,"column":5}},"line":19},"7":{"name":"(anonymous_7)","decl":{"start":{"line":20,"column":48},"end":{"line":20,"column":49}},"loc":{"start":{"line":20,"column":61},"end":{"line":24,"column":9}},"line":20},"8":{"name":"(anonymous_8)","decl":{"start":{"line":27,"column":11},"end":{"line":27,"column":12}},"loc":{"start":{"line":27,"column":26},"end":{"line":33,"column":5}},"line":27},"9":{"name":"(anonymous_9)","decl":{"start":{"line":43,"column":4},"end":{"line":43,"column":5}},"loc":{"start":{"line":43,"column":42},"end":{"line":45,"column":5}},"line":43},"10":{"name":"(anonymous_10)","decl":{"start":{"line":49,"column":4},"end":{"line":49,"column":5}},"loc":{"start":{"line":49,"column":21},"end":{"line":58,"column":5}},"line":49},"11":{"name":"(anonymous_11)","decl":{"start":{"line":62,"column":4},"end":{"line":62,"column":5}},"loc":{"start":{"line":62,"column":30},"end":{"line":67,"column":5}},"line":62},"12":{"name":"(anonymous_12)","decl":{"start":{"line":71,"column":4},"end":{"line":71,"column":5}},"loc":{"start":{"line":71,"column":31},"end":{"line":76,"column":5}},"line":71},"13":{"name":"(anonymous_13)","decl":{"start":{"line":80,"column":4},"end":{"line":80,"column":5}},"loc":{"start":{"line":80,"column":22},"end":{"line":84,"column":5}},"line":80},"14":{"name":"(anonymous_14)","decl":{"start":{"line":88,"column":4},"end":{"line":88,"column":5}},"loc":{"start":{"line":88,"column":22},"end":{"line":107,"column":5}},"line":88},"15":{"name":"(anonymous_15)","decl":{"start":{"line":98,"column":37},"end":{"line":98,"column":38}},"loc":{"start":{"line":98,"column":45},"end":{"line":99,"column":48}},"line":98},"16":{"name":"(anonymous_16)","decl":{"start":{"line":111,"column":4},"end":{"line":111,"column":5}},"loc":{"start":{"line":111,"column":12},"end":{"line":118,"column":5}},"line":111},"17":{"name":"(anonymous_17)","decl":{"start":{"line":122,"column":4},"end":{"line":122,"column":5}},"loc":{"start":{"line":122,"column":19},"end":{"line":124,"column":5}},"line":122}},"branchMap":{"0":{"loc":{"start":{"line":2,"column":22},"end":{"line":12,"column":3}},"type":"binary-expr","locations":[{"start":{"line":2,"column":23},"end":{"line":2,"column":27}},{"start":{"line":2,"column":31},"end":{"line":2,"column":51}},{"start":{"line":2,"column":57},"end":{"line":12,"column":2}}],"line":2},"1":{"loc":{"start":{"line":2,"column":57},"end":{"line":12,"column":2}},"type":"cond-expr","locations":[{"start":{"line":2,"column":74},"end":{"line":9,"column":1}},{"start":{"line":9,"column":6},"end":{"line":12,"column":1}}],"line":2},"2":{"loc":{"start":{"line":3,"column":4},"end":{"line":3,"column":33}},"type":"if","locations":[{"start":{"line":3,"column":4},"end":{"line":3,"column":33}},{"start":{},"end":{}}],"line":3},"3":{"loc":{"start":{"line":5,"column":4},"end":{"line":7,"column":5}},"type":"if","locations":[{"start":{"line":5,"column":4},"end":{"line":7,"column":5}},{"start":{},"end":{}}],"line":5},"4":{"loc":{"start":{"line":5,"column":8},"end":{"line":5,"column":85}},"type":"binary-expr","locations":[{"start":{"line":5,"column":8},"end":{"line":5,"column":13}},{"start":{"line":5,"column":18},"end":{"line":5,"column":84}}],"line":5},"5":{"loc":{"start":{"line":5,"column":18},"end":{"line":5,"column":84}},"type":"cond-expr","locations":[{"start":{"line":5,"column":34},"end":{"line":5,"column":47}},{"start":{"line":5,"column":50},"end":{"line":5,"column":84}}],"line":5},"6":{"loc":{"start":{"line":5,"column":50},"end":{"line":5,"column":84}},"type":"binary-expr","locations":[{"start":{"line":5,"column":50},"end":{"line":5,"column":63}},{"start":{"line":5,"column":67},"end":{"line":5,"column":84}}],"line":5},"7":{"loc":{"start":{"line":10,"column":4},"end":{"line":10,"column":33}},"type":"if","locations":[{"start":{"line":10,"column":4},"end":{"line":10,"column":33}},{"start":{},"end":{}}],"line":10},"8":{"loc":{"start":{"line":13,"column":25},"end":{"line":17,"column":2}},"type":"binary-expr","locations":[{"start":{"line":13,"column":26},"end":{"line":13,"column":30}},{"start":{"line":13,"column":34},"end":{"line":13,"column":57}},{"start":{"line":13,"column":63},"end":{"line":17,"column":1}}],"line":13},"9":{"loc":{"start":{"line":13,"column":63},"end":{"line":17,"column":1}},"type":"cond-expr","locations":[{"start":{"line":13,"column":80},"end":{"line":15,"column":1}},{"start":{"line":15,"column":5},"end":{"line":17,"column":1}}],"line":13},"10":{"loc":{"start":{"line":18,"column":19},"end":{"line":34,"column":4}},"type":"binary-expr","locations":[{"start":{"line":18,"column":20},"end":{"line":18,"column":24}},{"start":{"line":18,"column":28},"end":{"line":18,"column":45}},{"start":{"line":18,"column":50},"end":{"line":34,"column":4}}],"line":18},"11":{"loc":{"start":{"line":20,"column":18},"end":{"line":24,"column":9}},"type":"binary-expr","locations":[{"start":{"line":20,"column":18},"end":{"line":20,"column":44}},{"start":{"line":20,"column":48},"end":{"line":24,"column":9}}],"line":20},"12":{"loc":{"start":{"line":22,"column":29},"end":{"line":22,"column":95}},"type":"if","locations":[{"start":{"line":22,"column":29},"end":{"line":22,"column":95}},{"start":{},"end":{}}],"line":22},"13":{"loc":{"start":{"line":28,"column":8},"end":{"line":28,"column":46}},"type":"if","locations":[{"start":{"line":28,"column":8},"end":{"line":28,"column":46}},{"start":{},"end":{}}],"line":28},"14":{"loc":{"start":{"line":28,"column":12},"end":{"line":28,"column":33}},"type":"binary-expr","locations":[{"start":{"line":28,"column":12},"end":{"line":28,"column":15}},{"start":{"line":28,"column":19},"end":{"line":28,"column":33}}],"line":28},"15":{"loc":{"start":{"line":30,"column":8},"end":{"line":30,"column":137}},"type":"if","locations":[{"start":{"line":30,"column":8},"end":{"line":30,"column":137}},{"start":{},"end":{}}],"line":30},"16":{"loc":{"start":{"line":30,"column":78},"end":{"line":30,"column":137}},"type":"if","locations":[{"start":{"line":30,"column":78},"end":{"line":30,"column":137}},{"start":{},"end":{}}],"line":30},"17":{"loc":{"start":{"line":43,"column":16},"end":{"line":43,"column":40}},"type":"default-arg","locations":[{"start":{"line":43,"column":28},"end":{"line":43,"column":40}}],"line":43},"18":{"loc":{"start":{"line":81,"column":8},"end":{"line":83,"column":9}},"type":"if","locations":[{"start":{"line":81,"column":8},"end":{"line":83,"column":9}},{"start":{},"end":{}}],"line":81},"19":{"loc":{"start":{"line":90,"column":8},"end":{"line":94,"column":9}},"type":"if","locations":[{"start":{"line":90,"column":8},"end":{"line":94,"column":9}},{"start":{},"end":{}}],"line":90},"20":{"loc":{"start":{"line":98,"column":45},"end":{"line":99,"column":48}},"type":"binary-expr","locations":[{"start":{"line":98,"column":45},"end":{"line":98,"column":75}},{"start":{"line":99,"column":12},"end":{"line":99,"column":48}}],"line":98},"21":{"loc":{"start":{"line":100,"column":8},"end":{"line":106,"column":9}},"type":"if","locations":[{"start":{"line":100,"column":8},"end":{"line":106,"column":9}},{"start":{},"end":{}}],"line":100},"22":{"loc":{"start":{"line":102,"column":31},"end":{"line":104,"column":52}},"type":"cond-expr","locations":[{"start":{"line":103,"column":18},"end":{"line":103,"column":50}},{"start":{"line":104,"column":18},"end":{"line":104,"column":52}}],"line":102},"23":{"loc":{"start":{"line":112,"column":8},"end":{"line":117,"column":9}},"type":"if","locations":[{"start":{"line":112,"column":8},"end":{"line":117,"column":9}},{"start":{},"end":{}}],"line":112}},"s":{"0":1,"1":121,"2":121,"3":121,"4":121,"5":120,"6":70,"7":121,"8":0,"9":0,"10":0,"11":1,"12":2,"13":0,"14":1,"15":1,"16":1,"17":0,"18":0,"19":0,"20":0,"21":0,"22":1,"23":1,"24":2,"25":0,"26":2,"27":2,"28":2,"29":2,"30":2,"31":121,"32":121,"33":2,"34":2,"35":1,"36":1,"37":1,"38":1,"39":12,"40":8,"41":8,"42":8,"43":8,"44":8,"45":0,"46":0,"47":0,"48":0,"49":2,"50":2,"51":2,"52":2,"53":10,"54":10,"55":8,"56":8,"57":0,"58":0,"59":8,"60":8,"61":8,"62":10,"63":8,"64":2,"65":2,"66":1,"67":1,"68":1,"69":1,"70":1,"71":1},"f":{"0":121,"1":70,"2":0,"3":2,"4":0,"5":1,"6":1,"7":0,"8":2,"9":12,"10":8,"11":0,"12":2,"13":10,"14":8,"15":10,"16":1,"17":1},"b":{"0":[1,1,1],"1":[1,0],"2":[121,0],"3":[120,1],"4":[121,121],"5":[6,115],"6":[115,1],"7":[0,0],"8":[1,1,1],"9":[1,0],"10":[1,1,1],"11":[1,0],"12":[0,0],"13":[0,2],"14":[2,2],"15":[2,0],"16":[121,0],"17":[0],"18":[10,0],"19":[0,8],"20":[10,10],"21":[2,6],"22":[2,0],"23":[1,0]},"inputSourceMap":{"version":3,"file":"/code/mnemonica/tactica/src/writer.ts","sources":["/code/mnemonica/tactica/src/writer.ts"],"names":[],"mappings":"AAAA,YAAY,CAAC;;;;;;;;;;;;;;;;;;;;;;;;;;;;;;;;;;;;AAEb,uCAAyB;AACzB,2CAA6B;AAG7B;;GAEG;AACH,MAAa,WAAW;IAGvB,YAAY,SAAS,GAAG,YAAY;QACnC,IAAI,CAAC,SAAS,GAAG,SAAS,CAAC;IAC5B,CAAC;IAED;;OAEG;IACH,KAAK,CAAC,SAAyB;QAC9B,iCAAiC;QACjC,IAAI,CAAC,eAAe,EAAE,CAAC;QAEvB,MAAM,UAAU,GAAG,IAAI,CAAC,IAAI,CAAC,IAAI,CAAC,SAAS,EAAE,YAAY,CAAC,CAAC;QAE3D,iBAAiB;QACjB,EAAE,CAAC,aAAa,CAAC,UAAU,EAAE,SAAS,CAAC,OAAO,EAAE,OAAO,CAAC,CAAC;QAEzD,8BAA8B;QAC9B,IAAI,CAAC,eAAe,EAAE,CAAC;QAEvB,OAAO,UAAU,CAAC;IACnB,CAAC;IAED;;OAEG;IACH,cAAc,CAAC,SAAyB;QACvC,IAAI,CAAC,eAAe,EAAE,CAAC;QAEvB,MAAM,UAAU,GAAG,IAAI,CAAC,IAAI,CAAC,IAAI,CAAC,SAAS,EAAE,UAAU,CAAC,CAAC;QACzD,EAAE,CAAC,aAAa,CAAC,UAAU,EAAE,SAAS,CAAC,OAAO,EAAE,OAAO,CAAC,CAAC;QAEzD,OAAO,UAAU,CAAC;IACnB,CAAC;IAED;;OAEG;IACH,OAAO,CAAC,QAAgB,EAAE,OAAe;QACxC,IAAI,CAAC,eAAe,EAAE,CAAC;QACvB,MAAM,UAAU,GAAG,IAAI,CAAC,IAAI,CAAC,IAAI,CAAC,SAAS,EAAE,QAAQ,CAAC,CAAC;QACvD,EAAE,CAAC,aAAa,CAAC,UAAU,EAAE,OAAO,EAAE,OAAO,CAAC,CAAC;QAC/C,OAAO,UAAU,CAAC;IACnB,CAAC;IAED;;OAEG;IACK,eAAe;QACtB,IAAI,CAAC,EAAE,CAAC,UAAU,CAAC,IAAI,CAAC,SAAS,CAAC,EAAE,CAAC;YACpC,EAAE,CAAC,SAAS,CAAC,IAAI,CAAC,SAAS,EAAE,EAAE,SAAS,EAAE,IAAI,EAAE,CAAC,CAAC;QACnD,CAAC;IACF,CAAC;IAED;;OAEG;IACK,eAAe;QACtB,MAAM,aAAa,GAAG,IAAI,CAAC,IAAI,CAAC,OAAO,CAAC,GAAG,EAAE,EAAE,YAAY,CAAC,CAAC;QAE7D,IAAI,CAAC,EAAE,CAAC,UAAU,CAAC,aAAa,CAAC,EAAE,CAAC;YACnC,oBAAoB;YACpB,EAAE,CAAC,aAAa,CAAC,aAAa,EAAE,GAAG,IAAI,CAAC,SAAS,KAAK,EAAE,OAAO,CAAC,CAAC;YACjE,OAAO;QACR,CAAC;QAED,MAAM,OAAO,GAAG,EAAE,CAAC,YAAY,CAAC,aAAa,EAAE,OAAO,CAAC,CAAC;QACxD,MAAM,KAAK,GAAG,OAAO,CAAC,KAAK,CAAC,IAAI,CAAC,CAAC;QAElC,2BAA2B;QAC3B,MAAM,SAAS,GAAG,KAAK,CAAC,IAAI,CAAC,IAAI,CAAC,EAAE,CACnC,IAAI,CAAC,IAAI,EAAE,KAAK,IAAI,CAAC,SAAS;YAC9B,IAAI,CAAC,IAAI,EAAE,KAAK,GAAG,IAAI,CAAC,SAAS,GAAG,CACpC,CAAC;QAEF,IAAI,CAAC,SAAS,EAAE,CAAC;YAChB,oBAAoB;YACpB,MAAM,UAAU,GAAG,OAAO,CAAC,QAAQ,CAAC,IAAI,CAAC;gBACxC,CAAC,CAAC,GAAG,OAAO,GAAG,IAAI,CAAC,SAAS,KAAK;gBAClC,CAAC,CAAC,GAAG,OAAO,KAAK,IAAI,CAAC,SAAS,KAAK,CAAC;YACtC,EAAE,CAAC,aAAa,CAAC,aAAa,EAAE,UAAU,EAAE,OAAO,CAAC,CAAC;QACtD,CAAC;IACF,CAAC;IAED;;OAEG;IACH,KAAK;QACJ,IAAI,EAAE,CAAC,UAAU,CAAC,IAAI,CAAC,SAAS,CAAC,EAAE,CAAC;YACnC,MAAM,KAAK,GAAG,EAAE,CAAC,WAAW,CAAC,IAAI,CAAC,SAAS,CAAC,CAAC;YAC7C,KAAK,MAAM,IAAI,IAAI,KAAK,EAAE,CAAC;gBAC1B,EAAE,CAAC,UAAU,CAAC,IAAI,CAAC,IAAI,CAAC,IAAI,CAAC,SAAS,EAAE,IAAI,CAAC,CAAC,CAAC;YAChD,CAAC;QACF,CAAC;IACF,CAAC;IAED;;OAEG;IACH,YAAY;QACX,OAAO,IAAI,CAAC,SAAS,CAAC;IACvB,CAAC;CACD;AAxGD,kCAwGC","sourcesContent":["'use strict';\n\nimport * as fs from 'fs';\nimport * as path from 'path';\nimport { GeneratedTypes } from './types';\n\n/**\n * File writer for generated types\n */\nexport class TypesWriter {\n\tprivate outputDir: string;\n\n\tconstructor(outputDir = '.mnemonica') {\n\t\tthis.outputDir = outputDir;\n\t}\n\n\t/**\n\t * Write generated types to file\n\t */\n\twrite(generated: GeneratedTypes): string {\n\t\t// Ensure output directory exists\n\t\tthis.ensureDirectory();\n\n\t\tconst outputPath = path.join(this.outputDir, 'types.d.ts');\n\n\t\t// Write the file\n\t\tfs.writeFileSync(outputPath, generated.content, 'utf-8');\n\n\t\t// Update .gitignore if needed\n\t\tthis.updateGitignore();\n\n\t\treturn outputPath;\n\t}\n\n\t/**\n\t * Write types.ts file with complete interfaces\n\t */\n\twriteTypesFile(generated: GeneratedTypes): string {\n\t\tthis.ensureDirectory();\n\n\t\tconst outputPath = path.join(this.outputDir, 'types.ts');\n\t\tfs.writeFileSync(outputPath, generated.content, 'utf-8');\n\n\t\treturn outputPath;\n\t}\n\n\t/**\n\t * Write types with custom filename\n\t */\n\twriteTo(filename: string, content: string): string {\n\t\tthis.ensureDirectory();\n\t\tconst outputPath = path.join(this.outputDir, filename);\n\t\tfs.writeFileSync(outputPath, content, 'utf-8');\n\t\treturn outputPath;\n\t}\n\n\t/**\n\t * Ensure output directory exists\n\t */\n\tprivate ensureDirectory(): void {\n\t\tif (!fs.existsSync(this.outputDir)) {\n\t\t\tfs.mkdirSync(this.outputDir, { recursive: true });\n\t\t}\n\t}\n\n\t/**\n\t * Update .gitignore to exclude .mnemonica folder\n\t */\n\tprivate updateGitignore(): void {\n\t\tconst gitignorePath = path.join(process.cwd(), '.gitignore');\n\n\t\tif (!fs.existsSync(gitignorePath)) {\n\t\t\t// Create .gitignore\n\t\t\tfs.writeFileSync(gitignorePath, `${this.outputDir}/\\n`, 'utf-8');\n\t\t\treturn;\n\t\t}\n\n\t\tconst content = fs.readFileSync(gitignorePath, 'utf-8');\n\t\tconst lines = content.split('\\n');\n\n\t\t// Check if already ignored\n\t\tconst isIgnored = lines.some(line =>\n\t\t\tline.trim() === this.outputDir ||\n\t\t\tline.trim() === `${this.outputDir}/`\n\t\t);\n\n\t\tif (!isIgnored) {\n\t\t\t// Add to .gitignore\n\t\t\tconst newContent = content.endsWith('\\n')\n\t\t\t\t? `${content}${this.outputDir}/\\n`\n\t\t\t\t: `${content}\\n${this.outputDir}/\\n`;\n\t\t\tfs.writeFileSync(gitignorePath, newContent, 'utf-8');\n\t\t}\n\t}\n\n\t/**\n\t * Clean the output directory\n\t */\n\tclean(): void {\n\t\tif (fs.existsSync(this.outputDir)) {\n\t\t\tconst files = fs.readdirSync(this.outputDir);\n\t\t\tfor (const file of files) {\n\t\t\t\tfs.unlinkSync(path.join(this.outputDir, file));\n\t\t\t}\n\t\t}\n\t}\n\n\t/**\n\t * Get the output directory path\n\t */\n\tgetOutputDir(): string {\n\t\treturn this.outputDir;\n\t}\n}\n"]},"_coverageSchema":"1a1c01bbd47fc00a2c39e90264f33305004495a9","hash":"c8df03556b8a926cadcd930305744ac761052bcb"}}