TN:
SF:/home/went/_dev/mnemonica/core/lib/constants.js
FN:48,(anonymous_0)
FN:52,(anonymous_1)
FN:57,(anonymous_2)
FN:60,(anonymous_3)
FN:63,(anonymous_4)
FNF:5
FNH:5
FNDA:2,(anonymous_0)
FNDA:5,(anonymous_1)
FNDA:6,(anonymous_2)
FNDA:4,(anonymous_3)
FNDA:3,(anonymous_4)
DA:4,1
DA:9,1
DA:13,1
DA:14,1
DA:15,1
DA:19,1
DA:23,1
DA:46,1
DA:49,2
DA:53,5
DA:58,6
DA:61,4
DA:64,3
LF:13
LH:13
BRF:0
BRH:0
end_of_record
TN:
SF:/home/went/_dev/mnemonica/core/lib/index.js
FN:3,(anonymous_0)
FN:4,(anonymous_1)
FN:22,(anonymous_2)
FN:30,(anonymous_3)
FN:35,(anonymous_4)
FN:55,(anonymous_5)
FN:58,(anonymous_6)
FNF:7
FNH:7
FNDA:5,(anonymous_0)
FNDA:22,(anonymous_1)
FNDA:5,(anonymous_2)
FNDA:21,(anonymous_3)
FNDA:6,(anonymous_4)
FNDA:16,(anonymous_5)
FNDA:35,(anonymous_6)
DA:3,1
DA:4,5
DA:5,22
DA:10,1
DA:11,1
DA:12,1
DA:16,1
DA:23,5
DA:24,5
DA:25,5
DA:30,1
DA:31,21
DA:32,21
DA:35,1
DA:36,6
DA:37,6
DA:40,1
DA:42,1
DA:56,16
DA:57,16
DA:59,35
DA:66,1
LF:22
LH:22
BRDA:5,0,0,22
BRDA:5,0,1,9
BRDA:31,1,0,21
BRDA:31,1,1,21
BRDA:36,2,0,6
BRDA:36,2,1,6
BRF:6
BRH:6
end_of_record
TN:
SF:/home/went/_dev/mnemonica/core/lib/api/index.js
FN:16,(anonymous_0)
FNF:1
FNH:1
FNDA:2,(anonymous_0)
DA:3,1
DA:17,2
DA:18,2
DA:19,2
LF:4
LH:4
BRF:0
BRH:0
end_of_record
TN:
SF:/home/went/_dev/mnemonica/core/lib/api/hooks/index.js
FNF:0
FNH:0
DA:3,1
LF:1
LH:1
BRF:0
BRH:0
end_of_record
TN:
SF:/home/went/_dev/mnemonica/core/lib/api/hooks/invokeHook.js
FN:3,(anonymous_0)
FN:39,(anonymous_1)
FNF:2
FNH:2
FNDA:195,(anonymous_0)
FNDA:160,(anonymous_1)
DA:3,1
DA:10,195
DA:13,195
DA:14,65
DA:24,130
DA:26,130
DA:28,130
DA:35,130
DA:39,130
DA:40,160
DA:41,160
DA:44,130
DA:50,130
LF:13
LH:13
BRDA:13,0,0,65
BRDA:13,0,1,130
BRDA:35,1,0,130
BRDA:35,1,1,64
BRDA:44,2,0,130
BRDA:44,2,1,122
BRF:6
BRH:6
end_of_record
TN:
SF:/home/went/_dev/mnemonica/core/lib/api/hooks/registerFlowChecker.js
FN:9,(anonymous_0)
FNF:1
FNH:1
FNDA:4,(anonymous_0)
DA:6,1
DA:9,1
DA:11,4
DA:12,1
DA:15,3
DA:16,1
DA:20,2
LF:7
LH:7
BRDA:11,0,0,1
BRDA:11,0,1,3
BRDA:15,1,0,1
BRDA:15,1,1,2
BRF:4
BRH:4
end_of_record
TN:
SF:/home/went/_dev/mnemonica/core/lib/api/hooks/registerHook.js
FN:14,(anonymous_0)
FNF:1
FNH:1
FNDA:9,(anonymous_0)
DA:6,1
DA:9,1
DA:14,1
DA:16,9
DA:17,1
DA:20,8
DA:21,1
DA:24,7
DA:25,6
DA:27,1
LF:10
LH:10
BRDA:16,0,0,1
BRDA:16,0,1,8
BRDA:20,1,0,1
BRDA:20,1,1,7
BRDA:24,2,0,6
BRDA:24,2,1,1
BRF:6
BRH:6
end_of_record
TN:
SF:/home/went/_dev/mnemonica/core/lib/api/types/compileNewModificatorFunctionBody.js
FN:3,(anonymous_0)
FNF:1
FNH:1
FNDA:19,(anonymous_0)
DA:3,1
DA:4,19
DA:22,1
LF:3
LH:3
BRF:0
BRH:0
end_of_record
TN:
SF:/home/went/_dev/mnemonica/core/lib/api/types/createInstanceModificator.js
FN:11,(anonymous_0)
FN:13,(anonymous_1)
FN:26,(anonymous_2)
FN:33,(anonymous_3)
FNF:4
FNH:4
FNDA:29,(anonymous_0)
FNDA:29,(anonymous_1)
FNDA:92,(anonymous_2)
FNDA:25,(anonymous_3)
DA:11,1
DA:13,29
DA:15,29
DA:20,29
DA:21,29
DA:25,29
DA:27,92
DA:33,29
DA:34,25
DA:35,25
DA:41,29
DA:44,29
DA:47,29
DA:55,29
LF:14
LH:14
BRDA:35,0,0,25
BRDA:35,0,1,23
BRF:2
BRH:2
end_of_record
TN:
SF:/home/went/_dev/mnemonica/core/lib/api/types/createInstanceModificator200XthWay.js
FN:3,(anonymous_0)
FN:5,(anonymous_1)
FN:16,(anonymous_2)
FN:23,(anonymous_3)
FN:41,(anonymous_4)
FNF:5
FNH:5
FNDA:4,(anonymous_0)
FNDA:4,(anonymous_1)
FNDA:4,(anonymous_2)
FNDA:4,(anonymous_3)
FNDA:66,(anonymous_4)
DA:3,1
DA:5,4
DA:7,4
DA:16,4
DA:18,4
DA:19,4
DA:23,4
DA:25,4
DA:34,4
DA:35,4
DA:40,4
DA:42,66
DA:46,4
DA:51,4
DA:53,4
DA:55,4
DA:59,4
DA:60,4
DA:68,4
LF:19
LH:19
BRF:0
BRH:0
end_of_record
TN:
SF:/home/went/_dev/mnemonica/core/lib/api/types/index.js
FN:41,(anonymous_0)
FN:45,(anonymous_1)
FN:46,(anonymous_2)
FN:58,(anonymous_3)
FN:64,(anonymous_4)
FN:95,(anonymous_5)
FN:114,(anonymous_6)
FN:120,(anonymous_7)
FN:126,(anonymous_8)
FN:132,(anonymous_9)
FN:138,(anonymous_10)
FN:144,(anonymous_11)
FN:150,(anonymous_12)
FN:157,(anonymous_13)
FN:164,(anonymous_14)
FN:180,(anonymous_15)
FN:189,(anonymous_16)
FN:190,(anonymous_17)
FN:212,(anonymous_18)
FN:271,(anonymous_19)
FN:277,(anonymous_20)
FN:295,(anonymous_21)
FN:297,(anonymous_22)
FN:308,(anonymous_23)
FN:322,(anonymous_24)
FN:324,(anonymous_25)
FN:326,(anonymous_26)
FN:336,(anonymous_27)
FN:337,(anonymous_28)
FN:344,(anonymous_29)
FN:345,(anonymous_30)
FN:352,(anonymous_31)
FN:358,(anonymous_32)
FN:370,(anonymous_33)
FN:391,(anonymous_34)
FN:400,(anonymous_35)
FN:417,(anonymous_36)
FN:435,(anonymous_37)
FN:448,(anonymous_38)
FN:455,(anonymous_39)
FN:474,(anonymous_40)
FN:484,(anonymous_41)
FN:513,(anonymous_42)
FN:540,(anonymous_43)
FN:547,(anonymous_44)
FN:558,(anonymous_45)
FN:562,(anonymous_46)
FN:567,(anonymous_47)
FN:572,(anonymous_48)
FN:589,(anonymous_49)
FN:593,(anonymous_50)
FN:604,(anonymous_51)
FN:606,(anonymous_52)
FN:615,(anonymous_53)
FN:635,(anonymous_54)
FN:643,(anonymous_55)
FN:684,(anonymous_56)
FNF:57
FNH:57
FNDA:33,(anonymous_0)
FNDA:30,(anonymous_1)
FNDA:30,(anonymous_2)
FNDA:23,(anonymous_3)
FNDA:18,(anonymous_4)
FNDA:33,(anonymous_5)
FNDA:36,(anonymous_6)
FNDA:11,(anonymous_7)
FNDA:1,(anonymous_8)
FNDA:1,(anonymous_9)
FNDA:1,(anonymous_10)
FNDA:2,(anonymous_11)
FNDA:2,(anonymous_12)
FNDA:1,(anonymous_13)
FNDA:33,(anonymous_14)
FNDA:2,(anonymous_15)
FNDA:6,(anonymous_16)
FNDA:6,(anonymous_17)
FNDA:33,(anonymous_18)
FNDA:32,(anonymous_19)
FNDA:23,(anonymous_20)
FNDA:23,(anonymous_21)
FNDA:18,(anonymous_22)
FNDA:5,(anonymous_23)
FNDA:15,(anonymous_24)
FNDA:15,(anonymous_25)
FNDA:36,(anonymous_26)
FNDA:4,(anonymous_27)
FNDA:4,(anonymous_28)
FNDA:2,(anonymous_29)
FNDA:2,(anonymous_30)
FNDA:4,(anonymous_31)
FNDA:1,(anonymous_32)
FNDA:33,(anonymous_33)
FNDA:99,(anonymous_34)
FNDA:33,(anonymous_35)
FNDA:117,(anonymous_36)
FNDA:15,(anonymous_37)
FNDA:550,(anonymous_38)
FNDA:1,(anonymous_39)
FNDA:15,(anonymous_40)
FNDA:25,(anonymous_41)
FNDA:21,(anonymous_42)
FNDA:21,(anonymous_43)
FNDA:116,(anonymous_44)
FNDA:12,(anonymous_45)
FNDA:2,(anonymous_46)
FNDA:21,(anonymous_47)
FNDA:12,(anonymous_48)
FNDA:14,(anonymous_49)
FNDA:4,(anonymous_50)
FNDA:19,(anonymous_51)
FNDA:2,(anonymous_52)
FNDA:19,(anonymous_53)
FNDA:79,(anonymous_54)
FNDA:46,(anonymous_55)
FNDA:50,(anonymous_56)
DA:4,1
DA:15,1
DA:24,1
DA:26,1
DA:27,1
DA:28,1
DA:32,1
DA:35,1
DA:38,1
DA:39,1
DA:41,1
DA:42,33
DA:45,1
DA:46,30
DA:47,30
DA:48,1
DA:50,29
DA:51,1
DA:53,28
DA:54,28
DA:58,1
DA:59,23
DA:60,2
DA:64,1
DA:73,18
DA:74,5
DA:76,13
DA:95,1
DA:98,33
DA:104,33
DA:110,33
DA:113,33
DA:115,36
DA:119,33
DA:121,11
DA:125,33
DA:127,1
DA:131,33
DA:133,1
DA:137,33
DA:139,1
DA:143,33
DA:145,2
DA:149,33
DA:151,2
DA:155,33
DA:156,33
DA:158,1
DA:164,1
DA:170,33
DA:176,33
DA:179,33
DA:181,2
DA:183,2
DA:184,2
DA:188,33
DA:190,6
DA:192,6
DA:197,6
DA:205,6
DA:212,1
DA:219,33
DA:224,33
DA:226,33
DA:232,33
DA:238,33
DA:244,33
DA:246,32
DA:253,32
DA:260,32
DA:267,32
DA:271,1
DA:275,32
DA:277,32
DA:279,23
DA:281,23
DA:282,1
DA:285,22
DA:286,1
DA:289,21
DA:290,1
DA:293,20
DA:297,23
DA:300,18
DA:303,17
DA:307,23
DA:309,5
DA:313,23
DA:322,1
DA:324,15
DA:325,15
DA:327,36
DA:332,15
DA:333,15
DA:335,15
DA:337,4
DA:338,4
DA:343,15
DA:345,2
DA:346,2
DA:351,15
DA:353,4
DA:357,15
DA:359,1
DA:363,15
DA:365,15
DA:370,1
DA:378,33
DA:382,33
DA:384,33
DA:386,33
DA:388,33
DA:392,99
DA:396,33
DA:401,33
DA:405,33
DA:407,33
DA:409,32
DA:413,29
DA:417,1
DA:425,117
DA:427,117
DA:432,117
DA:434,36
DA:436,15
DA:442,117
DA:444,117
DA:448,1
DA:452,550
DA:454,550
DA:455,1
DA:456,1
DA:460,549
DA:461,549
DA:462,496
DA:466,53
DA:467,30
DA:470,23
DA:474,1
DA:478,15
DA:479,15
DA:480,12
DA:484,1
DA:494,25
DA:496,25
DA:498,25
DA:499,25
DA:501,25
DA:502,2
DA:505,23
DA:507,21
DA:509,21
DA:511,21
DA:514,21
DA:539,21
DA:541,21
DA:545,21
DA:548,116
DA:552,21
DA:556,1
DA:558,1
DA:559,12
DA:562,1
DA:563,2
DA:566,1
DA:568,21
DA:572,1
DA:574,12
DA:576,12
DA:577,2
DA:580,10
DA:582,10
DA:583,2
DA:586,8
DA:590,14
DA:592,14
DA:594,4
DA:597,14
DA:604,1
DA:611,19
DA:612,2
DA:615,17
DA:616,19
DA:617,19
DA:622,19
DA:625,17
DA:635,1
DA:636,79
DA:640,79
DA:643,1
DA:645,46
DA:647,32
DA:648,1
DA:651,31
DA:653,31
DA:655,31
DA:656,20
DA:657,19
DA:659,1
DA:663,11
DA:665,11
DA:666,6
DA:672,5
DA:676,14
DA:677,12
DA:680,2
DA:684,1
DA:686,50
DA:687,1
DA:690,49
DA:691,1
DA:694,48
DA:696,48
DA:697,48
DA:698,48
DA:699,37
DA:702,11
DA:703,11
DA:707,1
LF:219
LH:219
BRDA:42,0,0,4
BRDA:42,0,1,29
BRDA:47,1,0,1
BRDA:47,1,1,29
BRDA:50,2,0,1
BRDA:50,2,1,28
BRDA:54,3,0,28
BRDA:54,3,1,2
BRDA:59,4,0,2
BRDA:59,4,1,21
BRDA:73,5,0,5
BRDA:73,5,1,13
BRDA:181,6,0,1
BRDA:181,6,1,1
BRDA:192,7,0,4
BRDA:192,7,1,2
BRDA:281,8,0,1
BRDA:281,8,1,22
BRDA:285,9,0,1
BRDA:285,9,1,21
BRDA:289,10,0,1
BRDA:289,10,1,20
BRDA:417,11,0,116
BRDA:432,12,0,36
BRDA:432,12,1,81
BRDA:454,13,0,1
BRDA:454,13,1,549
BRDA:461,14,0,496
BRDA:461,14,1,53
BRDA:466,15,0,30
BRDA:466,15,1,23
BRDA:494,16,0,25
BRDA:494,16,1,11
BRDA:496,17,0,14
BRDA:496,17,1,11
BRDA:498,18,0,14
BRDA:498,18,1,11
BRDA:499,19,0,14
BRDA:499,19,1,11
BRDA:501,20,0,2
BRDA:501,20,1,23
BRDA:576,21,0,2
BRDA:576,21,1,10
BRDA:582,22,0,2
BRDA:582,22,1,8
BRDA:606,23,0,4
BRDA:607,24,0,12
BRDA:608,25,0,16
BRDA:611,26,0,2
BRDA:611,26,1,17
BRDA:645,27,0,32
BRDA:645,27,1,14
BRDA:647,28,0,1
BRDA:647,28,1,31
BRDA:655,29,0,20
BRDA:655,29,1,11
BRDA:656,30,0,19
BRDA:656,30,1,1
BRDA:665,31,0,6
BRDA:665,31,1,5
BRDA:676,32,0,12
BRDA:676,32,1,2
BRDA:686,33,0,1
BRDA:686,33,1,49
BRDA:690,34,0,1
BRDA:690,34,1,48
BRDA:698,35,0,37
BRDA:698,35,1,11
BRF:68
BRH:68
end_of_record
TN:
SF:/home/went/_dev/mnemonica/core/lib/descriptors/index.js
FNF:0
FNH:0
DA:6,1
DA:14,1
LF:2
LH:2
BRF:0
BRH:0
end_of_record
TN:
SF:/home/went/_dev/mnemonica/core/lib/descriptors/namespaces/index.js
FN:20,(anonymous_0)
FN:32,(anonymous_1)
FN:39,(anonymous_2)
FN:47,(anonymous_3)
FN:63,(anonymous_4)
FN:64,(anonymous_5)
FN:72,(anonymous_6)
FN:79,(anonymous_7)
FN:86,(anonymous_8)
FNF:9
FNH:9
FNDA:2,(anonymous_0)
FNDA:42,(anonymous_1)
FNDA:6,(anonymous_2)
FNDA:132,(anonymous_3)
FNDA:1,(anonymous_4)
FNDA:1,(anonymous_5)
FNDA:2,(anonymous_6)
FNDA:1,(anonymous_7)
FNDA:1,(anonymous_8)
DA:6,1
DA:11,1
DA:18,1
DA:20,1
DA:22,2
DA:26,2
DA:31,2
DA:33,42
DA:38,2
DA:40,6
DA:45,2
DA:46,2
DA:48,132
DA:52,2
DA:56,1
DA:58,1
DA:60,1
DA:62,1
DA:64,1
DA:65,1
DA:71,1
DA:73,2
DA:78,1
DA:80,1
DA:85,1
DA:87,1
DA:91,1
LF:27
LH:27
BRF:0
BRH:0
end_of_record
TN:
SF:/home/went/_dev/mnemonica/core/lib/descriptors/types/index.js
FN:25,(anonymous_0)
FN:32,(anonymous_1)
FN:33,(anonymous_2)
FN:40,(anonymous_3)
FN:46,(anonymous_4)
FN:52,(anonymous_5)
FN:59,(anonymous_6)
FN:83,(anonymous_7)
FN:84,(anonymous_8)
FN:92,(anonymous_9)
FN:93,(anonymous_10)
FN:101,(anonymous_11)
FN:102,(anonymous_12)
FN:110,(anonymous_13)
FN:111,(anonymous_14)
FN:118,(anonymous_15)
FN:119,(anonymous_16)
FN:126,(anonymous_17)
FN:137,(anonymous_18)
FN:138,(anonymous_19)
FN:146,(anonymous_20)
FNF:21
FNH:21
FNDA:4,(anonymous_0)
FNDA:2,(anonymous_1)
FNDA:2,(anonymous_2)
FNDA:2,(anonymous_3)
FNDA:14,(anonymous_4)
FNDA:11,(anonymous_5)
FNDA:130,(anonymous_6)
FNDA:23,(anonymous_7)
FNDA:23,(anonymous_8)
FNDA:6,(anonymous_9)
FNDA:6,(anonymous_10)
FNDA:2,(anonymous_11)
FNDA:2,(anonymous_12)
FNDA:65,(anonymous_13)
FNDA:65,(anonymous_14)
FNDA:1,(anonymous_15)
FNDA:1,(anonymous_16)
FNDA:3,(anonymous_17)
FNDA:1,(anonymous_18)
FNDA:3,(anonymous_19)
FNDA:1,(anonymous_20)
DA:6,1
DA:13,1
DA:17,1
DA:22,1
DA:25,1
DA:27,4
DA:28,1
DA:31,3
DA:33,2
DA:34,2
DA:39,3
DA:41,2
DA:45,3
DA:47,14
DA:51,3
DA:53,11
DA:57,3
DA:58,3
DA:60,130
DA:65,3
DA:73,1
DA:74,1
DA:76,1
DA:82,1
DA:84,23
DA:85,23
DA:91,1
DA:93,6
DA:94,6
DA:100,1
DA:102,2
DA:103,2
DA:109,1
DA:111,65
DA:112,65
DA:117,1
DA:119,1
DA:120,1
DA:125,1
DA:127,3
DA:132,1
DA:134,1
DA:136,1
DA:138,1
DA:139,3
DA:145,1
DA:147,1
DA:152,1
LF:48
LH:48
BRDA:27,0,0,1
BRDA:27,0,1,3
BRF:2
BRH:2
end_of_record
TN:
SF:/home/went/_dev/mnemonica/core/lib/errors/index.js
FN:11,(anonymous_0)
FN:15,(anonymous_1)
FN:22,(anonymous_2)
FN:31,(anonymous_3)
FNF:4
FNH:4
FNDA:34,(anonymous_0)
FNDA:2,(anonymous_1)
FNDA:2,(anonymous_2)
FNDA:14,(anonymous_3)
DA:7,1
DA:10,1
DA:12,34
DA:13,34
DA:14,34
DA:16,2
DA:19,34
DA:20,34
DA:23,2
DA:27,1
DA:31,1
DA:32,14
DA:33,14
DA:45,14
DA:49,14
DA:52,1
LF:16
LH:16
BRDA:11,0,0,1
BRF:1
BRH:1
end_of_record
TN:
SF:/home/went/_dev/mnemonica/core/lib/utils/collectConstructors.js
FN:13,(anonymous_0)
FN:21,(anonymous_1)
FN:24,(anonymous_2)
FNF:3
FNH:3
FNDA:32,(anonymous_0)
FNDA:20,(anonymous_1)
FNDA:325,(anonymous_2)
DA:7,1
DA:11,1
DA:13,1
DA:14,32
DA:16,32
DA:17,2
DA:19,30
DA:20,30
DA:22,20
DA:25,325
DA:28,30
DA:29,30
DA:30,30
DA:31,374
DA:32,374
DA:33,87
DA:34,29
DA:35,29
DA:36,29
DA:37,29
DA:39,287
DA:40,30
DA:41,30
DA:43,257
DA:45,344
DA:46,344
DA:48,30
DA:51,1
LF:28
LH:28
BRDA:13,0,0,31
BRDA:16,1,0,2
BRDA:16,1,1,30
BRDA:16,2,0,32
BRDA:16,2,1,30
BRDA:19,3,0,1
BRDA:19,3,1,29
BRDA:20,4,0,1
BRDA:20,4,1,29
BRDA:32,5,0,87
BRDA:32,5,1,287
BRDA:33,6,0,29
BRDA:33,6,1,58
BRDA:36,7,0,29
BRDA:36,7,1,29
BRDA:39,8,0,30
BRDA:39,8,1,257
BRF:17
BRH:17
end_of_record
TN:
SF:/home/went/_dev/mnemonica/core/lib/utils/extract.js
FN:7,(anonymous_0)
FNF:1
FNH:1
FNDA:56,(anonymous_0)
DA:5,1
DA:7,1
DA:10,56
DA:11,2
DA:14,54
DA:16,54
DA:17,123
DA:18,7
DA:24,116
DA:27,54
LF:10
LH:10
BRDA:10,0,0,2
BRDA:10,0,1,54
BRDA:17,1,0,7
BRDA:17,1,1,116
BRDA:17,2,0,123
BRDA:17,2,1,11
BRF:6
BRH:6
end_of_record
TN:
SF:/home/went/_dev/mnemonica/core/lib/utils/index.js
FN:14,(anonymous_0)
FNF:1
FNH:1
FNDA:2,(anonymous_0)
DA:3,1
DA:5,1
DA:15,2
DA:20,1
LF:4
LH:4
BRF:0
BRH:0
end_of_record
TN:
SF:/home/went/_dev/mnemonica/core/lib/utils/parse.js
FN:10,(anonymous_0)
FNF:1
FNH:1
FNDA:25,(anonymous_0)
DA:6,1
DA:8,1
DA:10,1
DA:12,25
DA:13,1
DA:16,24
DA:18,24
DA:19,1
DA:22,23
DA:23,23
DA:24,1
DA:30,22
DA:32,22
DA:34,22
DA:36,22
DA:37,22
DA:39,22
DA:54,22
DA:55,5
DA:57,17
DA:60,22
DA:63,1
LF:22
LH:22
BRDA:12,0,0,1
BRDA:12,0,1,24
BRDA:12,1,0,25
BRDA:12,1,1,24
BRDA:18,2,0,1
BRDA:18,2,1,23
BRDA:23,3,0,1
BRDA:23,3,1,22
BRDA:23,4,0,23
BRDA:23,4,1,18
BRDA:54,5,0,5
BRDA:54,5,1,17
BRF:12
BRH:12
end_of_record
TN:
SF:/home/went/_dev/mnemonica/core/lib/utils/pick.js
FN:7,(anonymous_0)
FN:14,(anonymous_1)
FN:23,(anonymous_2)
FNF:3
FNH:3
FNDA:4,(anonymous_0)
FNDA:2,(anonymous_1)
FNDA:2,(anonymous_2)
DA:5,1
DA:7,1
DA:10,4
DA:11,2
DA:14,2
DA:15,2
DA:16,1
DA:18,1
DA:20,2
DA:23,2
DA:24,2
DA:25,2
DA:28,2
LF:13
LH:13
BRDA:10,0,0,2
BRDA:10,0,1,2
BRDA:15,1,0,1
BRDA:15,1,1,1
BRF:4
BRH:4
end_of_record
TN:
SF:/home/went/_dev/mnemonica/core/lib/utils/toJSON.js
FN:4,(anonymous_0)
FN:7,(anonymous_1)
FNF:2
FNH:2
FNDA:3,(anonymous_0)
FNDA:19,(anonymous_1)
DA:3,1
DA:4,1
DA:6,3
DA:7,3
DA:9,19
DA:12,19
DA:13,19
DA:15,1
DA:19,1
DA:20,1
DA:27,19
DA:28,19
DA:32,3
LF:13
LH:13
BRF:0
BRH:0
end_of_record
